c:\epics\base-3.15.6\src\libcom\yacc\debug_dll\antelope.obj
c:\epics\base-3.15.6\src\libcom\yacc\debug_dll\closure.obj
c:\epics\base-3.15.6\src\libcom\yacc\debug_dll\epicstempfile.obj
c:\epics\base-3.15.6\src\libcom\yacc\debug_dll\error.obj
c:\epics\base-3.15.6\src\libcom\yacc\debug_dll\lalr.obj
c:\epics\base-3.15.6\src\libcom\yacc\debug_dll\lr0.obj
c:\epics\base-3.15.6\src\libcom\yacc\debug_dll\mkpar.obj
c:\epics\base-3.15.6\src\libcom\yacc\debug_dll\output.obj
c:\epics\base-3.15.6\src\libcom\yacc\debug_dll\reader.obj
c:\epics\base-3.15.6\src\libcom\yacc\debug_dll\skeleton.obj
c:\epics\base-3.15.6\src\libcom\yacc\debug_dll\symtab.obj
c:\epics\base-3.15.6\src\libcom\yacc\debug_dll\verbose.obj
c:\epics\base-3.15.6\src\libcom\yacc\debug_dll\warshall.obj
c:\epics\base-3.15.6\src\libcom\yacc\debug_dll\antelope.ilk
c:\epics\base-3.15.6\src\libcom\yacc\debug_dll\vc142.idb
c:\epics\base-3.15.6\src\libcom\yacc\debug_dll\vc142.pdb
c:\epics\base-3.15.6\src\libcom\yacc\debug_dll\antelope.sbr
c:\epics\base-3.15.6\src\libcom\yacc\debug_dll\closure.sbr
c:\epics\base-3.15.6\src\libcom\yacc\debug_dll\epicstempfile.sbr
c:\epics\base-3.15.6\src\libcom\yacc\debug_dll\error.sbr
c:\epics\base-3.15.6\src\libcom\yacc\debug_dll\lalr.sbr
c:\epics\base-3.15.6\src\libcom\yacc\debug_dll\lr0.sbr
c:\epics\base-3.15.6\src\libcom\yacc\debug_dll\mkpar.sbr
c:\epics\base-3.15.6\src\libcom\yacc\debug_dll\output.sbr
c:\epics\base-3.15.6\src\libcom\yacc\debug_dll\reader.sbr
c:\epics\base-3.15.6\src\libcom\yacc\debug_dll\skeleton.sbr
c:\epics\base-3.15.6\src\libcom\yacc\debug_dll\symtab.sbr
c:\epics\base-3.15.6\src\libcom\yacc\debug_dll\verbose.sbr
c:\epics\base-3.15.6\src\libcom\yacc\debug_dll\warshall.sbr
c:\epics\debug_dll\antelope.pdb
c:\epics\debug_dll\antelope.exe
c:\epics\debug_dll\antelope.bsc
c:\epics\base-3.15.6\src\libcom\yacc\debug_dll\antelope.tlog\bscmake.command.1.tlog
c:\epics\base-3.15.6\src\libcom\yacc\debug_dll\antelope.tlog\cl.command.1.tlog
c:\epics\base-3.15.6\src\libcom\yacc\debug_dll\antelope.tlog\link.command.1.tlog
