c:\epics\base-3.15.6\src\std\o.common\aairecord.h
c:\epics\base-3.15.6\src\std\o.common\aaorecord.h
c:\epics\base-3.15.6\src\std\o.common\birecord.h
c:\epics\base-3.15.6\src\std\o.common\borecord.h
c:\epics\base-3.15.6\src\std\o.common\calcoutrecord.h
c:\epics\base-3.15.6\src\std\o.common\calcrecord.h
c:\epics\base-3.15.6\src\std\o.common\dfanoutrecord.h
c:\epics\base-3.15.6\src\std\o.common\eventrecord.h
c:\epics\base-3.15.6\src\std\o.common\fanoutrecord.h
c:\epics\base-3.15.6\src\std\o.common\histogramrecord.h
c:\epics\base-3.15.6\src\std\o.common\longinrecord.h
c:\epics\base-3.15.6\src\std\o.common\longoutrecord.h
c:\epics\base-3.15.6\src\std\o.common\mbbidirectrecord.h
c:\epics\base-3.15.6\src\std\o.common\mbbirecord.h
c:\epics\base-3.15.6\src\std\o.common\mbbodirectrecord.h
c:\epics\base-3.15.6\src\std\o.common\mbborecord.h
c:\epics\base-3.15.6\src\std\o.common\permissiverecord.h
c:\epics\base-3.15.6\src\std\o.common\selrecord.h
c:\epics\base-3.15.6\src\std\o.common\seqrecord.h
c:\epics\base-3.15.6\src\std\o.common\staterecord.h
c:\epics\base-3.15.6\src\std\o.common\stringinrecord.h
c:\epics\base-3.15.6\src\std\o.common\stringoutrecord.h
c:\epics\base-3.15.6\src\std\o.common\subarrayrecord.h
c:\epics\base-3.15.6\src\std\o.common\subrecord.h
c:\epics\base-3.15.6\src\std\o.common\airecord.dbd
c:\epics\base-3.15.6\src\std\o.common\aorecord.dbd
c:\epics\base-3.15.6\src\std\o.common\asubrecord.dbd
c:\epics\base-3.15.6\src\std\o.common\compressrecord.dbd
c:\epics\base-3.15.6\src\std\o.common\waveformrecord.dbd
c:\epics\base-3.15.6\src\std\o.common\airecord.h
c:\epics\base-3.15.6\src\std\o.common\aorecord.h
c:\epics\base-3.15.6\src\std\o.common\compressrecord.h
c:\epics\base-3.15.6\src\std\o.common\waveformrecord.h
c:\epics\base-3.15.6\src\std\o.common\asubrecord.h
c:\epics\base-3.15.6\src\std\o.common\lsirecord.h
c:\epics\base-3.15.6\src\std\o.common\lsorecord.h
c:\epics\base-3.15.6\src\std\o.common\printfrecord.h
c:\epics\base-3.15.6\src\std\o.common\filters.dbd
c:\epics\debug_dll\dbrecstd.lib
c:\epics\debug_dll\dbrecstd.exp
c:\epics\base-3.15.6\src\std\debug_dll\aairecord.obj
c:\epics\base-3.15.6\src\std\debug_dll\aaorecord.obj
c:\epics\base-3.15.6\src\std\debug_dll\airecord.obj
c:\epics\base-3.15.6\src\std\debug_dll\aorecord.obj
c:\epics\base-3.15.6\src\std\debug_dll\arr.obj
c:\epics\base-3.15.6\src\std\debug_dll\assubrecordfunctions.obj
c:\epics\base-3.15.6\src\std\debug_dll\asubrecord.obj
c:\epics\base-3.15.6\src\std\debug_dll\birecord.obj
c:\epics\base-3.15.6\src\std\debug_dll\borecord.obj
c:\epics\base-3.15.6\src\std\debug_dll\calcoutrecord.obj
c:\epics\base-3.15.6\src\std\debug_dll\calcrecord.obj
c:\epics\base-3.15.6\src\std\debug_dll\compressrecord.obj
c:\epics\base-3.15.6\src\std\debug_dll\dbnd.obj
c:\epics\base-3.15.6\src\std\debug_dll\devaaisoft.obj
c:\epics\base-3.15.6\src\std\debug_dll\devaaosoft.obj
c:\epics\base-3.15.6\src\std\debug_dll\devaisoft.obj
c:\epics\base-3.15.6\src\std\debug_dll\devaisoftcallback.obj
c:\epics\base-3.15.6\src\std\debug_dll\devaisoftraw.obj
c:\epics\base-3.15.6\src\std\debug_dll\devaosoft.obj
c:\epics\base-3.15.6\src\std\debug_dll\devaosoftcallback.obj
c:\epics\base-3.15.6\src\std\debug_dll\devaosoftraw.obj
c:\epics\base-3.15.6\src\std\debug_dll\devbidbstate.obj
c:\epics\base-3.15.6\src\std\debug_dll\devbisoft.obj
c:\epics\base-3.15.6\src\std\debug_dll\devbisoftcallback.obj
c:\epics\base-3.15.6\src\std\debug_dll\devbisoftraw.obj
c:\epics\base-3.15.6\src\std\debug_dll\devbodbstate.obj
c:\epics\base-3.15.6\src\std\debug_dll\devbosoft.obj
c:\epics\base-3.15.6\src\std\debug_dll\devbosoftcallback.obj
c:\epics\base-3.15.6\src\std\debug_dll\devbosoftraw.obj
c:\epics\base-3.15.6\src\std\debug_dll\devcalcoutsoft.obj
c:\epics\base-3.15.6\src\std\debug_dll\devcalcoutsoftcallback.obj
c:\epics\base-3.15.6\src\std\debug_dll\devenviron.obj
c:\epics\base-3.15.6\src\std\debug_dll\deveventsoft.obj
c:\epics\base-3.15.6\src\std\debug_dll\devgeneraltime.obj
c:\epics\base-3.15.6\src\std\debug_dll\devhistogramsoft.obj
c:\epics\base-3.15.6\src\std\debug_dll\devlisoft.obj
c:\epics\base-3.15.6\src\std\debug_dll\devlisoftcallback.obj
c:\epics\base-3.15.6\src\std\debug_dll\devlosoft.obj
c:\epics\base-3.15.6\src\std\debug_dll\devlosoftcallback.obj
c:\epics\base-3.15.6\src\std\debug_dll\devlsisoft.obj
c:\epics\base-3.15.6\src\std\debug_dll\devlsosoft.obj
c:\epics\base-3.15.6\src\std\debug_dll\devlsosoftcallback.obj
c:\epics\base-3.15.6\src\std\debug_dll\devmbbidirectsoft.obj
c:\epics\base-3.15.6\src\std\debug_dll\devmbbidirectsoftcallback.obj
c:\epics\base-3.15.6\src\std\debug_dll\devmbbidirectsoftraw.obj
c:\epics\base-3.15.6\src\std\debug_dll\devmbbisoft.obj
c:\epics\base-3.15.6\src\std\debug_dll\devmbbisoftcallback.obj
c:\epics\base-3.15.6\src\std\debug_dll\devmbbisoftraw.obj
c:\epics\base-3.15.6\src\std\debug_dll\devmbbodirectsoft.obj
c:\epics\base-3.15.6\src\std\debug_dll\devmbbodirectsoftcallback.obj
c:\epics\base-3.15.6\src\std\debug_dll\devmbbodirectsoftraw.obj
c:\epics\base-3.15.6\src\std\debug_dll\devmbbosoft.obj
c:\epics\base-3.15.6\src\std\debug_dll\devmbbosoftcallback.obj
c:\epics\base-3.15.6\src\std\debug_dll\devmbbosoftraw.obj
c:\epics\base-3.15.6\src\std\debug_dll\devprintfsoft.obj
c:\epics\base-3.15.6\src\std\debug_dll\devprintfsoftcallback.obj
c:\epics\base-3.15.6\src\std\debug_dll\devsasoft.obj
c:\epics\base-3.15.6\src\std\debug_dll\devsisoft.obj
c:\epics\base-3.15.6\src\std\debug_dll\devsisoftcallback.obj
c:\epics\base-3.15.6\src\std\debug_dll\devsosoft.obj
c:\epics\base-3.15.6\src\std\debug_dll\devsosoftcallback.obj
c:\epics\base-3.15.6\src\std\debug_dll\devstdio.obj
c:\epics\base-3.15.6\src\std\debug_dll\devtimestamp.obj
c:\epics\base-3.15.6\src\std\debug_dll\devwfsoft.obj
c:\epics\base-3.15.6\src\std\debug_dll\dfanoutrecord.obj
c:\epics\base-3.15.6\src\std\debug_dll\eventrecord.obj
c:\epics\base-3.15.6\src\std\debug_dll\fanoutrecord.obj
c:\epics\base-3.15.6\src\std\debug_dll\histogramrecord.obj
c:\epics\base-3.15.6\src\std\debug_dll\longinrecord.obj
c:\epics\base-3.15.6\src\std\debug_dll\longoutrecord.obj
c:\epics\base-3.15.6\src\std\debug_dll\lsirecord.obj
c:\epics\base-3.15.6\src\std\debug_dll\lsorecord.obj
c:\epics\base-3.15.6\src\std\debug_dll\mbbidirectrecord.obj
c:\epics\base-3.15.6\src\std\debug_dll\mbbirecord.obj
c:\epics\base-3.15.6\src\std\debug_dll\mbbodirectrecord.obj
c:\epics\base-3.15.6\src\std\debug_dll\mbborecord.obj
c:\epics\base-3.15.6\src\std\debug_dll\permissiverecord.obj
c:\epics\base-3.15.6\src\std\debug_dll\printfrecord.obj
c:\epics\base-3.15.6\src\std\debug_dll\selrecord.obj
c:\epics\base-3.15.6\src\std\debug_dll\seqrecord.obj
c:\epics\base-3.15.6\src\std\debug_dll\staterecord.obj
c:\epics\base-3.15.6\src\std\debug_dll\stringinrecord.obj
c:\epics\base-3.15.6\src\std\debug_dll\stringoutrecord.obj
c:\epics\base-3.15.6\src\std\debug_dll\subarrayrecord.obj
c:\epics\base-3.15.6\src\std\debug_dll\subrecord.obj
c:\epics\base-3.15.6\src\std\debug_dll\sync.obj
c:\epics\base-3.15.6\src\std\debug_dll\ts.obj
c:\epics\base-3.15.6\src\std\debug_dll\waveformrecord.obj
c:\epics\base-3.15.6\src\std\debug_dll\dbrecstd.ilk
c:\epics\base-3.15.6\src\std\debug_dll\vc142.idb
c:\epics\base-3.15.6\src\std\debug_dll\vc142.pdb
c:\epics\base-3.15.6\src\std\debug_dll\aairecord.sbr
c:\epics\base-3.15.6\src\std\debug_dll\aaorecord.sbr
c:\epics\base-3.15.6\src\std\debug_dll\airecord.sbr
c:\epics\base-3.15.6\src\std\debug_dll\aorecord.sbr
c:\epics\base-3.15.6\src\std\debug_dll\arr.sbr
c:\epics\base-3.15.6\src\std\debug_dll\assubrecordfunctions.sbr
c:\epics\base-3.15.6\src\std\debug_dll\asubrecord.sbr
c:\epics\base-3.15.6\src\std\debug_dll\birecord.sbr
c:\epics\base-3.15.6\src\std\debug_dll\borecord.sbr
c:\epics\base-3.15.6\src\std\debug_dll\calcoutrecord.sbr
c:\epics\base-3.15.6\src\std\debug_dll\calcrecord.sbr
c:\epics\base-3.15.6\src\std\debug_dll\compressrecord.sbr
c:\epics\base-3.15.6\src\std\debug_dll\dbnd.sbr
c:\epics\base-3.15.6\src\std\debug_dll\devaaisoft.sbr
c:\epics\base-3.15.6\src\std\debug_dll\devaaosoft.sbr
c:\epics\base-3.15.6\src\std\debug_dll\devaisoft.sbr
c:\epics\base-3.15.6\src\std\debug_dll\devaisoftcallback.sbr
c:\epics\base-3.15.6\src\std\debug_dll\devaisoftraw.sbr
c:\epics\base-3.15.6\src\std\debug_dll\devaosoft.sbr
c:\epics\base-3.15.6\src\std\debug_dll\devaosoftcallback.sbr
c:\epics\base-3.15.6\src\std\debug_dll\devaosoftraw.sbr
c:\epics\base-3.15.6\src\std\debug_dll\devbidbstate.sbr
c:\epics\base-3.15.6\src\std\debug_dll\devbisoft.sbr
c:\epics\base-3.15.6\src\std\debug_dll\devbisoftcallback.sbr
c:\epics\base-3.15.6\src\std\debug_dll\devbisoftraw.sbr
c:\epics\base-3.15.6\src\std\debug_dll\devbodbstate.sbr
c:\epics\base-3.15.6\src\std\debug_dll\devbosoft.sbr
c:\epics\base-3.15.6\src\std\debug_dll\devbosoftcallback.sbr
c:\epics\base-3.15.6\src\std\debug_dll\devbosoftraw.sbr
c:\epics\base-3.15.6\src\std\debug_dll\devcalcoutsoft.sbr
c:\epics\base-3.15.6\src\std\debug_dll\devcalcoutsoftcallback.sbr
c:\epics\base-3.15.6\src\std\debug_dll\devenviron.sbr
c:\epics\base-3.15.6\src\std\debug_dll\deveventsoft.sbr
c:\epics\base-3.15.6\src\std\debug_dll\devgeneraltime.sbr
c:\epics\base-3.15.6\src\std\debug_dll\devhistogramsoft.sbr
c:\epics\base-3.15.6\src\std\debug_dll\devlisoft.sbr
c:\epics\base-3.15.6\src\std\debug_dll\devlisoftcallback.sbr
c:\epics\base-3.15.6\src\std\debug_dll\devlosoft.sbr
c:\epics\base-3.15.6\src\std\debug_dll\devlosoftcallback.sbr
c:\epics\base-3.15.6\src\std\debug_dll\devlsisoft.sbr
c:\epics\base-3.15.6\src\std\debug_dll\devlsosoft.sbr
c:\epics\base-3.15.6\src\std\debug_dll\devlsosoftcallback.sbr
c:\epics\base-3.15.6\src\std\debug_dll\devmbbidirectsoft.sbr
c:\epics\base-3.15.6\src\std\debug_dll\devmbbidirectsoftcallback.sbr
c:\epics\base-3.15.6\src\std\debug_dll\devmbbidirectsoftraw.sbr
c:\epics\base-3.15.6\src\std\debug_dll\devmbbisoft.sbr
c:\epics\base-3.15.6\src\std\debug_dll\devmbbisoftcallback.sbr
c:\epics\base-3.15.6\src\std\debug_dll\devmbbisoftraw.sbr
c:\epics\base-3.15.6\src\std\debug_dll\devmbbodirectsoft.sbr
c:\epics\base-3.15.6\src\std\debug_dll\devmbbodirectsoftcallback.sbr
c:\epics\base-3.15.6\src\std\debug_dll\devmbbodirectsoftraw.sbr
c:\epics\base-3.15.6\src\std\debug_dll\devmbbosoft.sbr
c:\epics\base-3.15.6\src\std\debug_dll\devmbbosoftcallback.sbr
c:\epics\base-3.15.6\src\std\debug_dll\devmbbosoftraw.sbr
c:\epics\base-3.15.6\src\std\debug_dll\devprintfsoft.sbr
c:\epics\base-3.15.6\src\std\debug_dll\devprintfsoftcallback.sbr
c:\epics\base-3.15.6\src\std\debug_dll\devsasoft.sbr
c:\epics\base-3.15.6\src\std\debug_dll\devsisoft.sbr
c:\epics\base-3.15.6\src\std\debug_dll\devsisoftcallback.sbr
c:\epics\base-3.15.6\src\std\debug_dll\devsosoft.sbr
c:\epics\base-3.15.6\src\std\debug_dll\devsosoftcallback.sbr
c:\epics\base-3.15.6\src\std\debug_dll\devstdio.sbr
c:\epics\base-3.15.6\src\std\debug_dll\devtimestamp.sbr
c:\epics\base-3.15.6\src\std\debug_dll\devwfsoft.sbr
c:\epics\base-3.15.6\src\std\debug_dll\dfanoutrecord.sbr
c:\epics\base-3.15.6\src\std\debug_dll\eventrecord.sbr
c:\epics\base-3.15.6\src\std\debug_dll\fanoutrecord.sbr
c:\epics\base-3.15.6\src\std\debug_dll\histogramrecord.sbr
c:\epics\base-3.15.6\src\std\debug_dll\longinrecord.sbr
c:\epics\base-3.15.6\src\std\debug_dll\longoutrecord.sbr
c:\epics\base-3.15.6\src\std\debug_dll\lsirecord.sbr
c:\epics\base-3.15.6\src\std\debug_dll\lsorecord.sbr
c:\epics\base-3.15.6\src\std\debug_dll\mbbidirectrecord.sbr
c:\epics\base-3.15.6\src\std\debug_dll\mbbirecord.sbr
c:\epics\base-3.15.6\src\std\debug_dll\mbbodirectrecord.sbr
c:\epics\base-3.15.6\src\std\debug_dll\mbborecord.sbr
c:\epics\base-3.15.6\src\std\debug_dll\permissiverecord.sbr
c:\epics\base-3.15.6\src\std\debug_dll\printfrecord.sbr
c:\epics\base-3.15.6\src\std\debug_dll\selrecord.sbr
c:\epics\base-3.15.6\src\std\debug_dll\seqrecord.sbr
c:\epics\base-3.15.6\src\std\debug_dll\staterecord.sbr
c:\epics\base-3.15.6\src\std\debug_dll\stringinrecord.sbr
c:\epics\base-3.15.6\src\std\debug_dll\stringoutrecord.sbr
c:\epics\base-3.15.6\src\std\debug_dll\subarrayrecord.sbr
c:\epics\base-3.15.6\src\std\debug_dll\subrecord.sbr
c:\epics\base-3.15.6\src\std\debug_dll\sync.sbr
c:\epics\base-3.15.6\src\std\debug_dll\ts.sbr
c:\epics\base-3.15.6\src\std\debug_dll\waveformrecord.sbr
c:\epics\debug_dll\dbrecstd.pdb
c:\epics\debug_dll\dbrecstd.dll
c:\epics\debug_dll\dbrecstd.bsc
c:\epics\base-3.15.6\src\std\debug_dll\dbrecstd.tlog\bscmake.command.1.tlog
c:\epics\base-3.15.6\src\std\debug_dll\dbrecstd.tlog\cl.command.1.tlog
c:\epics\base-3.15.6\src\std\debug_dll\dbrecstd.tlog\custombuild.command.1.tlog
c:\epics\base-3.15.6\src\std\debug_dll\dbrecstd.tlog\custombuild.read.1.tlog
c:\epics\base-3.15.6\src\std\debug_dll\dbrecstd.tlog\custombuild.write.1.tlog
c:\epics\base-3.15.6\src\std\debug_dll\dbrecstd.tlog\dbrecstd.write.1u.tlog
c:\epics\base-3.15.6\src\std\debug_dll\dbrecstd.tlog\link.command.1.tlog
