c:\epics\motor\motorapp\newportsrc\debug_dll\ag_conex.obj
c:\epics\motor\motorapp\newportsrc\debug_dll\ag_uc.obj
c:\epics\motor\motorapp\newportsrc\debug_dll\asynoctetsocket.obj
c:\epics\motor\motorapp\newportsrc\debug_dll\devesp300.obj
c:\epics\motor\motorapp\newportsrc\debug_dll\devmm3000.obj
c:\epics\motor\motorapp\newportsrc\debug_dll\devmm4000.obj
c:\epics\motor\motorapp\newportsrc\debug_dll\devpm500.obj
c:\epics\motor\motorapp\newportsrc\debug_dll\drvesp300.obj
c:\epics\motor\motorapp\newportsrc\debug_dll\drvmm3000.obj
c:\epics\motor\motorapp\newportsrc\debug_dll\drvmm4000.obj
c:\epics\motor\motorapp\newportsrc\debug_dll\drvmm4000asyn.obj
c:\epics\motor\motorapp\newportsrc\debug_dll\drvpm500.obj
c:\epics\motor\motorapp\newportsrc\debug_dll\drvxpsasyn.obj
c:\epics\motor\motorapp\newportsrc\debug_dll\drvxpsasynaux.obj
c:\epics\motor\motorapp\newportsrc\debug_dll\hxpdriver.obj
c:\epics\motor\motorapp\newportsrc\debug_dll\hxp_drivers.obj
c:\epics\motor\motorapp\newportsrc\debug_dll\mm4005_trajectoryscan.obj
c:\epics\motor\motorapp\newportsrc\debug_dll\newportregister.obj
c:\epics\motor\motorapp\newportsrc\debug_dll\smc100driver.obj
c:\epics\motor\motorapp\newportsrc\debug_dll\strtok_r.obj
c:\epics\motor\motorapp\newportsrc\debug_dll\tclcall.obj
c:\epics\motor\motorapp\newportsrc\debug_dll\xpsasyninterpose.obj
c:\epics\motor\motorapp\newportsrc\debug_dll\xpsaxis.obj
c:\epics\motor\motorapp\newportsrc\debug_dll\xpscontroller.obj
c:\epics\motor\motorapp\newportsrc\debug_dll\xpsgathering.obj
c:\epics\motor\motorapp\newportsrc\debug_dll\xpsgathering2.obj
c:\epics\motor\motorapp\newportsrc\debug_dll\xpsgatheringregister.obj
c:\epics\motor\motorapp\newportsrc\debug_dll\xpsslave.obj
c:\epics\motor\motorapp\newportsrc\debug_dll\xps_c8_drivers.obj
c:\epics\motor\motorapp\newportsrc\debug_dll\xps_ftp.obj
c:\epics\motor\motorapp\newportsrc\debug_dll\xps_trajectoryscan.obj
c:\epics\motor\motorapp\newportsrc\debug_dll\newport.ilk
c:\epics\motor\motorapp\newportsrc\debug_dll\vc142.pdb
c:\epics\debug_dll\xpsgatheringmain.pdb
c:\epics\debug_dll\xpsgatheringmain.exe
c:\epics\motor\motorapp\newportsrc\debug_dll\xpsgatheringmain.tlog\cl.command.1.tlog
c:\epics\motor\motorapp\newportsrc\debug_dll\xpsgatheringmain.tlog\link.command.1.tlog
