C:\Program Files (x86)\Microsoft Visual Studio\2019\Enterprise\MSBuild\Current\Bin\Microsoft.Common.CurrentVersion.targets(1966,5): warning : The referenced project '..\..\..\base-3.15.5\src\std\softIoc\softIoc.vcxproj' does not exist.
C:\Program Files (x86)\Microsoft Visual Studio\2019\Enterprise\MSBuild\Current\Bin\Microsoft.Common.CurrentVersion.targets(1966,5): warning : The referenced project '..\..\..\base-3.15.5\src\ioc\dbCore.vcxproj' does not exist.
C:\Program Files (x86)\Microsoft Visual Studio\2019\Enterprise\MSBuild\Current\Bin\Microsoft.Common.CurrentVersion.targets(1966,5): warning : The referenced project '..\..\..\base-3.15.5\src\libCom\Com.vcxproj' does not exist.
C:\Program Files (x86)\Microsoft Visual Studio\2019\Enterprise\MSBuild\Current\Bin\Microsoft.Common.CurrentVersion.targets(1966,5): warning : The referenced project '..\..\..\base-3.15.5\src\std\dbRecStd.vcxproj' does not exist.
  Performing Custom Build Tools
  LeyboldBase.cpp
  LeyboldTurboPortDriver.cpp
  Generating Code...
     Creating library C:\epics\Debug_DLL\LeyboldTurboDev.lib and object C:\epics\Debug_DLL\LeyboldTurboDev.exp
LINK : warning LNK4217: symbol '??0CLeyboldBase@@QAE@PBDHHH@Z (public: __thiscall CLeyboldBase::CLeyboldBase(char const *,int,int,int))' defined in 'LeyboldBase.obj' is imported by 'LeyboldTurboPortDriver.obj' in function '"public: __thiscall CLeyboldTurboPortDriver::CLeyboldTurboPortDriver(char const *,int,int)" (??0CLeyboldTurboPortDriver@@QAE@PBDHH@Z)'
LINK : warning LNK4217: symbol '?createParam@CLeyboldBase@@QAEXII@Z (public: void __thiscall CLeyboldBase::createParam(unsigned int,unsigned int))' defined in 'LeyboldBase.obj' is imported by 'LeyboldTurboPortDriver.obj' in function '"public: void __thiscall CLeyboldTurboPortDriver::addIOPort(char const *)" (?addIOPort@CLeyboldTurboPortDriver@@QAEXPBD@Z)'
LINK : warning LNK4217: symbol '?setIntegerParam@CLeyboldBase@@QAEXIPBDH_N@Z (public: void __thiscall CLeyboldBase::setIntegerParam(unsigned int,char const *,int,bool))' defined in 'LeyboldBase.obj' is imported by 'LeyboldTurboPortDriver.obj' in function '"protected: void __thiscall CLeyboldTurboPortDriver::processRead<2>(int,struct asynUser *,union USSPacket<2> const &)" (??$processRead@$01@CLeyboldTurboPortDriver@@IAEXHPAUasynUser@@ABT?$USSPacket@$01@@@Z)'
LINK : warning LNK4217: symbol '?setDoubleParam@CLeyboldBase@@QAEXIPBDN@Z (public: void __thiscall CLeyboldBase::setDoubleParam(unsigned int,char const *,double))' defined in 'LeyboldBase.obj' is imported by 'LeyboldTurboPortDriver.obj' in function '"public: virtual enum asynStatus __thiscall CLeyboldTurboPortDriver::readInt32(struct asynUser *,int *)" (?readInt32@CLeyboldTurboPortDriver@@UAE?AW4asynStatus@@PAUasynUser@@PAH@Z)'
LINK : warning LNK4217: symbol '?setStringParam@CLeyboldBase@@QAEXIPBDABV?$basic_string@DU?$char_traits@D@std@@V?$allocator@D@2@@std@@_N@Z (public: void __thiscall CLeyboldBase::setStringParam(unsigned int,char const *,class std::basic_string<char,struct std::char_traits<char>,class std::allocator<char> > const &,bool))' defined in 'LeyboldBase.obj' is imported by 'LeyboldTurboPortDriver.obj' in function '"protected: void __thiscall CLeyboldTurboPortDriver::processRead<2>(int,struct asynUser *,union USSPacket<2> const &)" (??$processRead@$01@CLeyboldTurboPortDriver@@IAEXHPAUasynUser@@ABT?$USSPacket@$01@@@Z)'
LINK : warning LNK4217: symbol '?setParamStatus@CLeyboldBase@@QAEXIPBDW4asynStatus@@_N@Z (public: void __thiscall CLeyboldBase::setParamStatus(unsigned int,char const *,enum asynStatus,bool))' defined in 'LeyboldBase.obj' is imported by 'LeyboldTurboPortDriver.obj' in function '"protected: void __thiscall CLeyboldTurboPortDriver::processRead<2>(int,struct asynUser *,union USSPacket<2> const &)" (??$processRead@$01@CLeyboldTurboPortDriver@@IAEXHPAUasynUser@@ABT?$USSPacket@$01@@@Z)'
LINK : warning LNK4217: symbol '?getIntegerParam@CLeyboldBase@@QAEHIPBD@Z (public: int __thiscall CLeyboldBase::getIntegerParam(unsigned int,char const *))' defined in 'LeyboldBase.obj' is imported by 'LeyboldTurboPortDriver.obj' in function '"protected: void __thiscall CLeyboldTurboPortDriver::processRead<2>(int,struct asynUser *,union USSPacket<2> const &)" (??$processRead@$01@CLeyboldTurboPortDriver@@IAEXHPAUasynUser@@ABT?$USSPacket@$01@@@Z)'
LINK : warning LNK4217: symbol '?Parameters@CLeyboldBase@@QBEHABV?$basic_string@DU?$char_traits@D@std@@V?$allocator@D@2@@std@@@Z (public: int __thiscall CLeyboldBase::Parameters(class std::basic_string<char,struct std::char_traits<char>,class std::allocator<char> > const &)const )' defined in 'LeyboldBase.obj' is imported by 'LeyboldTurboPortDriver.obj' in function '"protected: void __thiscall CLeyboldTurboPortDriver::processWrite<2>(int,struct asynUser *,int)" (??$processWrite@$01@CLeyboldTurboPortDriver@@IAEXHPAUasynUser@@H@Z)'
LINK : warning LNK4217: symbol '?callParamCallbacks@CLeyboldBase@@QAEXI_N@Z (public: void __thiscall CLeyboldBase::callParamCallbacks(unsigned int,bool))' defined in 'LeyboldBase.obj' is imported by 'LeyboldTurboPortDriver.obj' in function '"protected: void __thiscall CLeyboldTurboPortDriver::processRead<2>(int,struct asynUser *,union USSPacket<2> const &)" (??$processRead@$01@CLeyboldTurboPortDriver@@IAEXHPAUasynUser@@ABT?$USSPacket@$01@@@Z)'
LINK : warning LNK4217: symbol '?getNoOfPZD@CLeyboldBase@@QBEIXZ (public: unsigned int __thiscall CLeyboldBase::getNoOfPZD(void)const )' defined in 'LeyboldBase.obj' is imported by 'LeyboldTurboPortDriver.obj' in function '"public: virtual enum asynStatus __thiscall CLeyboldTurboPortDriver::readInt32(struct asynUser *,int *)" (?readInt32@CLeyboldTurboPortDriver@@UAE?AW4asynStatus@@PAUasynUser@@PAH@Z)'
LINK : warning LNK4217: symbol '?ThrowException@CLeyboldBase@@IBEXPAUasynUser@@W4asynStatus@@PBDABV?$basic_string@DU?$char_traits@D@std@@V?$allocator@D@2@@std@@_N@Z (protected: void __thiscall CLeyboldBase::ThrowException(struct asynUser *,enum asynStatus,char const *,class std::basic_string<char,struct std::char_traits<char>,class std::allocator<char> > const &,bool)const )' defined in 'LeyboldBase.obj' is imported by 'LeyboldTurboPortDriver.obj' in function '"public: void __thiscall CLeyboldTurboPortDriver::addIOPort(char const *)" (?addIOPort@CLeyboldTurboPortDriver@@QAEXPBD@Z)'
LINK : warning LNK4217: symbol '??1CLeyboldBase@@UAE@XZ (public: virtual __thiscall CLeyboldBase::~CLeyboldBase(void))' defined in 'LeyboldBase.obj' is imported by 'LeyboldTurboPortDriver.obj' in function '"public: virtual __thiscall CLeyboldTurboPortDriver::~CLeyboldTurboPortDriver(void)" (??1CLeyboldTurboPortDriver@@UAE@XZ)'
LeyboldBase.obj : error LNK2019: unresolved external symbol __imp__epicsAssert referenced in function "protected: void __thiscall CLeyboldBase::ParamDefaultValue(unsigned int)" (?ParamDefaultValue@CLeyboldBase@@IAEXI@Z)
LeyboldBase.obj : error LNK2019: unresolved external symbol __imp__epicsSnprintf referenced in function "public: __thiscall CLeyboldBase::CLeyboldBase(char const *,int,int,int)" (??0CLeyboldBase@@QAE@PBDHHH@Z)
LeyboldTurboPortDriver.obj : error LNK2001: unresolved external symbol __imp__epicsSnprintf
LeyboldBase.obj : error LNK2019: unresolved external symbol __imp__epicsEnvSet@8 referenced in function "public: __thiscall CLeyboldBase::CLeyboldBase(char const *,int,int,int)" (??0CLeyboldBase@@QAE@PBDHHH@Z)
LeyboldTurboPortDriver.obj : error LNK2019: unresolved external symbol "__declspec(dllimport) public: __thiscall epicsMutex::epicsMutex(void)" (__imp_??0epicsMutex@@QAE@XZ) referenced in function "public: void __thiscall CLeyboldTurboPortDriver::addIOPort(char const *)" (?addIOPort@CLeyboldTurboPortDriver@@QAEXPBD@Z)
LeyboldTurboPortDriver.obj : error LNK2019: unresolved external symbol "__declspec(dllimport) public: __thiscall epicsMutex::~epicsMutex(void)" (__imp_??1epicsMutex@@QAE@XZ) referenced in function "public: void * __thiscall epicsMutex::`scalar deleting destructor'(unsigned int)" (??_GepicsMutex@@QAEPAXI@Z)
LeyboldTurboPortDriver.obj : error LNK2019: unresolved external symbol "__declspec(dllimport) public: void __thiscall epicsMutex::lock(void)" (__imp_?lock@epicsMutex@@QAEXXZ) referenced in function "public: __thiscall epicsGuard<class epicsMutex>::epicsGuard<class epicsMutex>(class epicsMutex &)" (??0?$epicsGuard@VepicsMutex@@@@QAE@AAVepicsMutex@@@Z)
    Hint on symbols that are defined and could potentially match:
      "__declspec(dllimport) public: virtual enum asynStatus __thiscall asynPortDriver::lock(void)" (__imp_?lock@asynPortDriver@@UAE?AW4asynStatus@@XZ)
LeyboldTurboPortDriver.obj : error LNK2019: unresolved external symbol "__declspec(dllimport) public: void __thiscall epicsMutex::unlock(void)" (__imp_?unlock@epicsMutex@@QAEXXZ) referenced in function "public: __thiscall epicsGuard<class epicsMutex>::~epicsGuard<class epicsMutex>(void)" (??1?$epicsGuard@VepicsMutex@@@@QAE@XZ)
    Hint on symbols that are defined and could potentially match:
      "__declspec(dllimport) public: virtual enum asynStatus __thiscall asynPortDriver::unlock(void)" (__imp_?unlock@asynPortDriver@@UAE?AW4asynStatus@@XZ)
LeyboldTurboPortDriver.obj : error LNK2019: unresolved external symbol __imp__iocshRegister@8 referenced in function "void __cdecl LeyboldTurboRegistrar(void)" (?LeyboldTurboRegistrar@@YAXXZ)
LeyboldTurboPortDriver.obj : error LNK2019: unresolved external symbol __imp__epicsAtExit3 referenced in function "void __cdecl LeyboldTurboPortDriverConfigure(union iocshArgBuf const *)" (?LeyboldTurboPortDriverConfigure@@YAXPBTiocshArgBuf@@@Z)
C:\epics\Debug_DLL\LeyboldTurboDev.dll : fatal error LNK1120: 9 unresolved externals
