c:\epics\base-3.15.6\src\libcom\flex\o.common\parse.c
c:\epics\base-3.15.6\src\libcom\flex\o.common\parse.h
c:\epics\debug_dll\e_flex.lib
c:\epics\debug_dll\e_flex.exp
c:\epics\base-3.15.6\src\libcom\flex\debug_dll\ccl.obj
c:\epics\base-3.15.6\src\libcom\flex\debug_dll\dfa.obj
c:\epics\base-3.15.6\src\libcom\flex\debug_dll\ecs.obj
c:\epics\base-3.15.6\src\libcom\flex\debug_dll\epicstempfile.obj
c:\epics\base-3.15.6\src\libcom\flex\debug_dll\gen.obj
c:\epics\base-3.15.6\src\libcom\flex\debug_dll\misc.obj
c:\epics\base-3.15.6\src\libcom\flex\debug_dll\nfa.obj
c:\epics\base-3.15.6\src\libcom\flex\debug_dll\parse.obj
c:\epics\base-3.15.6\src\libcom\flex\debug_dll\sym.obj
c:\epics\base-3.15.6\src\libcom\flex\debug_dll\tblcmp.obj
c:\epics\base-3.15.6\src\libcom\flex\debug_dll\e_flex.ilk
c:\epics\base-3.15.6\src\libcom\flex\debug_dll\vc142.idb
c:\epics\base-3.15.6\src\libcom\flex\debug_dll\vc142.pdb
c:\epics\base-3.15.6\src\libcom\flex\debug_dll\ccl.sbr
c:\epics\base-3.15.6\src\libcom\flex\debug_dll\dfa.sbr
c:\epics\base-3.15.6\src\libcom\flex\debug_dll\ecs.sbr
c:\epics\base-3.15.6\src\libcom\flex\debug_dll\epicstempfile.sbr
c:\epics\base-3.15.6\src\libcom\flex\debug_dll\gen.sbr
c:\epics\base-3.15.6\src\libcom\flex\debug_dll\misc.sbr
c:\epics\base-3.15.6\src\libcom\flex\debug_dll\nfa.sbr
c:\epics\base-3.15.6\src\libcom\flex\debug_dll\parse.sbr
c:\epics\base-3.15.6\src\libcom\flex\debug_dll\sym.sbr
c:\epics\base-3.15.6\src\libcom\flex\debug_dll\tblcmp.sbr
c:\epics\debug_dll\e_flex.pdb
c:\epics\debug_dll\e_flex.exe
c:\epics\debug_dll\e_flex.bsc
c:\epics\base-3.15.6\src\libcom\flex\debug_dll\e_flex.tlog\bscmake.command.1.tlog
c:\epics\base-3.15.6\src\libcom\flex\debug_dll\e_flex.tlog\cl.command.1.tlog
c:\epics\base-3.15.6\src\libcom\flex\debug_dll\e_flex.tlog\custombuild.command.1.tlog
c:\epics\base-3.15.6\src\libcom\flex\debug_dll\e_flex.tlog\custombuild.read.1.tlog
c:\epics\base-3.15.6\src\libcom\flex\debug_dll\e_flex.tlog\custombuild.write.1.tlog
c:\epics\base-3.15.6\src\libcom\flex\debug_dll\e_flex.tlog\e_flex.write.1u.tlog
c:\epics\base-3.15.6\src\libcom\flex\debug_dll\e_flex.tlog\link.command.1.tlog
