C:\Program Files (x86)\Microsoft Visual Studio\2019\Enterprise\MSBuild\Current\Bin\Microsoft.Common.CurrentVersion.targets(1966,5): warning : The referenced project '..\..\..\base-3.15.5\src\ca\client\ca.vcxproj' does not exist.
C:\Program Files (x86)\Microsoft Visual Studio\2019\Enterprise\MSBuild\Current\Bin\Microsoft.Common.CurrentVersion.targets(1966,5): warning : The referenced project '..\..\..\base-3.15.5\src\std\softIoc\softIoc.vcxproj' does not exist.
C:\Program Files (x86)\Microsoft Visual Studio\2019\Enterprise\MSBuild\Current\Bin\Microsoft.Common.CurrentVersion.targets(1966,5): warning : The referenced project '..\..\..\base-3.15.5\src\ioc\dbCore.vcxproj' does not exist.
C:\Program Files (x86)\Microsoft Visual Studio\2019\Enterprise\MSBuild\Current\Bin\Microsoft.Common.CurrentVersion.targets(1966,5): warning : The referenced project '..\..\..\base-3.15.5\src\libCom\Com.vcxproj' does not exist.
C:\Program Files (x86)\Microsoft Visual Studio\2019\Enterprise\MSBuild\Current\Bin\Microsoft.Common.CurrentVersion.targets(1966,5): warning : The referenced project '..\..\..\base-3.15.5\src\std\dbRecStd.vcxproj' does not exist.
  Performing Custom Build Tools
  LeyboldSim_registerRecordDeviceDriver.cpp
  LeyboldSimMain.cpp
  LeyboldSimPortDriver.cpp
  Generating Code...
LINK : warning LNK4217: symbol '_pvar_func_LeyboldSimRegistrar' defined in 'LeyboldSimPortDriver.obj' is imported by 'LeyboldSim_registerRecordDeviceDriver.obj' in function '_LeyboldSim_registerRecordDeviceDriver'
LeyboldSim_registerRecordDeviceDriver.obj : error LNK2019: unresolved external symbol __imp__iocshRegister@8 referenced in function "int __cdecl Registration(void)" (?Registration@@YAHXZ)
LeyboldSimPortDriver.obj : error LNK2001: unresolved external symbol __imp__iocshRegister@8
LeyboldSim_registerRecordDeviceDriver.obj : error LNK2019: unresolved external symbol __imp__iocshRegisterVariable@4 referenced in function _LeyboldSim_registerRecordDeviceDriver
LeyboldSim_registerRecordDeviceDriver.obj : error LNK2019: unresolved external symbol __imp__iocshRegisterCommon referenced in function "int __cdecl Registration(void)" (?Registration@@YAHXZ)
LeyboldSim_registerRecordDeviceDriver.obj : error LNK2019: unresolved external symbol __imp__registerRecordTypes referenced in function _LeyboldSim_registerRecordDeviceDriver
LeyboldSim_registerRecordDeviceDriver.obj : error LNK2019: unresolved external symbol __imp__registerDevices referenced in function _LeyboldSim_registerRecordDeviceDriver
LeyboldSim_registerRecordDeviceDriver.obj : error LNK2019: unresolved external symbol __imp__registerDrivers referenced in function _LeyboldSim_registerRecordDeviceDriver
LeyboldSim_registerRecordDeviceDriver.obj : error LNK2019: unresolved external symbol __imp__iocshPpdbbase referenced in function _rrddCallFunc
LeyboldSim_registerRecordDeviceDriver.obj : error LNK2019: unresolved external symbol __imp__pvar_rset_aaiRSET referenced in function "void __cdecl `dynamic initializer for 'rtl''(void)" (??__Ertl@@YAXXZ)
LeyboldSim_registerRecordDeviceDriver.obj : error LNK2019: unresolved external symbol __imp__pvar_rset_aaoRSET referenced in function "void __cdecl `dynamic initializer for 'rtl''(void)" (??__Ertl@@YAXXZ)
LeyboldSim_registerRecordDeviceDriver.obj : error LNK2019: unresolved external symbol __imp__pvar_rset_aiRSET referenced in function "void __cdecl `dynamic initializer for 'rtl''(void)" (??__Ertl@@YAXXZ)
LeyboldSim_registerRecordDeviceDriver.obj : error LNK2019: unresolved external symbol __imp__pvar_rset_aoRSET referenced in function "void __cdecl `dynamic initializer for 'rtl''(void)" (??__Ertl@@YAXXZ)
LeyboldSim_registerRecordDeviceDriver.obj : error LNK2019: unresolved external symbol __imp__pvar_rset_biRSET referenced in function "void __cdecl `dynamic initializer for 'rtl''(void)" (??__Ertl@@YAXXZ)
LeyboldSim_registerRecordDeviceDriver.obj : error LNK2019: unresolved external symbol __imp__pvar_rset_boRSET referenced in function "void __cdecl `dynamic initializer for 'rtl''(void)" (??__Ertl@@YAXXZ)
LeyboldSim_registerRecordDeviceDriver.obj : error LNK2019: unresolved external symbol __imp__pvar_rset_calcRSET referenced in function "void __cdecl `dynamic initializer for 'rtl''(void)" (??__Ertl@@YAXXZ)
LeyboldSim_registerRecordDeviceDriver.obj : error LNK2019: unresolved external symbol __imp__pvar_rset_calcoutRSET referenced in function "void __cdecl `dynamic initializer for 'rtl''(void)" (??__Ertl@@YAXXZ)
LeyboldSim_registerRecordDeviceDriver.obj : error LNK2019: unresolved external symbol __imp__pvar_rset_compressRSET referenced in function "void __cdecl `dynamic initializer for 'rtl''(void)" (??__Ertl@@YAXXZ)
LeyboldSim_registerRecordDeviceDriver.obj : error LNK2019: unresolved external symbol __imp__pvar_rset_dfanoutRSET referenced in function "void __cdecl `dynamic initializer for 'rtl''(void)" (??__Ertl@@YAXXZ)
LeyboldSim_registerRecordDeviceDriver.obj : error LNK2019: unresolved external symbol __imp__pvar_rset_eventRSET referenced in function "void __cdecl `dynamic initializer for 'rtl''(void)" (??__Ertl@@YAXXZ)
LeyboldSim_registerRecordDeviceDriver.obj : error LNK2019: unresolved external symbol __imp__pvar_rset_fanoutRSET referenced in function "void __cdecl `dynamic initializer for 'rtl''(void)" (??__Ertl@@YAXXZ)
LeyboldSim_registerRecordDeviceDriver.obj : error LNK2019: unresolved external symbol __imp__pvar_rset_histogramRSET referenced in function "void __cdecl `dynamic initializer for 'rtl''(void)" (??__Ertl@@YAXXZ)
LeyboldSim_registerRecordDeviceDriver.obj : error LNK2019: unresolved external symbol __imp__pvar_rset_longinRSET referenced in function "void __cdecl `dynamic initializer for 'rtl''(void)" (??__Ertl@@YAXXZ)
LeyboldSim_registerRecordDeviceDriver.obj : error LNK2019: unresolved external symbol __imp__pvar_rset_longoutRSET referenced in function "void __cdecl `dynamic initializer for 'rtl''(void)" (??__Ertl@@YAXXZ)
LeyboldSim_registerRecordDeviceDriver.obj : error LNK2019: unresolved external symbol __imp__pvar_rset_lsiRSET referenced in function "void __cdecl `dynamic initializer for 'rtl''(void)" (??__Ertl@@YAXXZ)
LeyboldSim_registerRecordDeviceDriver.obj : error LNK2019: unresolved external symbol __imp__pvar_rset_lsoRSET referenced in function "void __cdecl `dynamic initializer for 'rtl''(void)" (??__Ertl@@YAXXZ)
LeyboldSim_registerRecordDeviceDriver.obj : error LNK2019: unresolved external symbol __imp__pvar_rset_mbbiRSET referenced in function "void __cdecl `dynamic initializer for 'rtl''(void)" (??__Ertl@@YAXXZ)
LeyboldSim_registerRecordDeviceDriver.obj : error LNK2019: unresolved external symbol __imp__pvar_rset_mbbiDirectRSET referenced in function "void __cdecl `dynamic initializer for 'rtl''(void)" (??__Ertl@@YAXXZ)
LeyboldSim_registerRecordDeviceDriver.obj : error LNK2019: unresolved external symbol __imp__pvar_rset_mbboRSET referenced in function "void __cdecl `dynamic initializer for 'rtl''(void)" (??__Ertl@@YAXXZ)
LeyboldSim_registerRecordDeviceDriver.obj : error LNK2019: unresolved external symbol __imp__pvar_rset_mbboDirectRSET referenced in function "void __cdecl `dynamic initializer for 'rtl''(void)" (??__Ertl@@YAXXZ)
LeyboldSim_registerRecordDeviceDriver.obj : error LNK2019: unresolved external symbol __imp__pvar_rset_permissiveRSET referenced in function "void __cdecl `dynamic initializer for 'rtl''(void)" (??__Ertl@@YAXXZ)
LeyboldSim_registerRecordDeviceDriver.obj : error LNK2019: unresolved external symbol __imp__pvar_rset_printfRSET referenced in function "void __cdecl `dynamic initializer for 'rtl''(void)" (??__Ertl@@YAXXZ)
LeyboldSim_registerRecordDeviceDriver.obj : error LNK2019: unresolved external symbol __imp__pvar_rset_selRSET referenced in function "void __cdecl `dynamic initializer for 'rtl''(void)" (??__Ertl@@YAXXZ)
LeyboldSim_registerRecordDeviceDriver.obj : error LNK2019: unresolved external symbol __imp__pvar_rset_seqRSET referenced in function "void __cdecl `dynamic initializer for 'rtl''(void)" (??__Ertl@@YAXXZ)
LeyboldSim_registerRecordDeviceDriver.obj : error LNK2019: unresolved external symbol __imp__pvar_rset_stateRSET referenced in function "void __cdecl `dynamic initializer for 'rtl''(void)" (??__Ertl@@YAXXZ)
LeyboldSim_registerRecordDeviceDriver.obj : error LNK2019: unresolved external symbol __imp__pvar_rset_stringinRSET referenced in function "void __cdecl `dynamic initializer for 'rtl''(void)" (??__Ertl@@YAXXZ)
LeyboldSim_registerRecordDeviceDriver.obj : error LNK2019: unresolved external symbol __imp__pvar_rset_stringoutRSET referenced in function "void __cdecl `dynamic initializer for 'rtl''(void)" (??__Ertl@@YAXXZ)
LeyboldSim_registerRecordDeviceDriver.obj : error LNK2019: unresolved external symbol __imp__pvar_rset_subRSET referenced in function "void __cdecl `dynamic initializer for 'rtl''(void)" (??__Ertl@@YAXXZ)
LeyboldSim_registerRecordDeviceDriver.obj : error LNK2019: unresolved external symbol __imp__pvar_rset_subArrayRSET referenced in function "void __cdecl `dynamic initializer for 'rtl''(void)" (??__Ertl@@YAXXZ)
LeyboldSim_registerRecordDeviceDriver.obj : error LNK2019: unresolved external symbol __imp__pvar_rset_waveformRSET referenced in function "void __cdecl `dynamic initializer for 'rtl''(void)" (??__Ertl@@YAXXZ)
LeyboldSim_registerRecordDeviceDriver.obj : error LNK2019: unresolved external symbol __imp__pvar_func_aaiRecordSizeOffset referenced in function "void __cdecl `dynamic initializer for 'rtl''(void)" (??__Ertl@@YAXXZ)
LeyboldSim_registerRecordDeviceDriver.obj : error LNK2019: unresolved external symbol __imp__pvar_func_aaoRecordSizeOffset referenced in function "void __cdecl `dynamic initializer for 'rtl''(void)" (??__Ertl@@YAXXZ)
LeyboldSim_registerRecordDeviceDriver.obj : error LNK2019: unresolved external symbol __imp__pvar_func_aiRecordSizeOffset referenced in function "void __cdecl `dynamic initializer for 'rtl''(void)" (??__Ertl@@YAXXZ)
LeyboldSim_registerRecordDeviceDriver.obj : error LNK2019: unresolved external symbol __imp__pvar_func_aoRecordSizeOffset referenced in function "void __cdecl `dynamic initializer for 'rtl''(void)" (??__Ertl@@YAXXZ)
LeyboldSim_registerRecordDeviceDriver.obj : error LNK2019: unresolved external symbol __imp__pvar_func_biRecordSizeOffset referenced in function "void __cdecl `dynamic initializer for 'rtl''(void)" (??__Ertl@@YAXXZ)
LeyboldSim_registerRecordDeviceDriver.obj : error LNK2019: unresolved external symbol __imp__pvar_func_boRecordSizeOffset referenced in function "void __cdecl `dynamic initializer for 'rtl''(void)" (??__Ertl@@YAXXZ)
LeyboldSim_registerRecordDeviceDriver.obj : error LNK2019: unresolved external symbol __imp__pvar_func_calcRecordSizeOffset referenced in function "void __cdecl `dynamic initializer for 'rtl''(void)" (??__Ertl@@YAXXZ)
LeyboldSim_registerRecordDeviceDriver.obj : error LNK2019: unresolved external symbol __imp__pvar_func_calcoutRecordSizeOffset referenced in function "void __cdecl `dynamic initializer for 'rtl''(void)" (??__Ertl@@YAXXZ)
LeyboldSim_registerRecordDeviceDriver.obj : error LNK2019: unresolved external symbol __imp__pvar_func_compressRecordSizeOffset referenced in function "void __cdecl `dynamic initializer for 'rtl''(void)" (??__Ertl@@YAXXZ)
LeyboldSim_registerRecordDeviceDriver.obj : error LNK2019: unresolved external symbol __imp__pvar_func_dfanoutRecordSizeOffset referenced in function "void __cdecl `dynamic initializer for 'rtl''(void)" (??__Ertl@@YAXXZ)
LeyboldSim_registerRecordDeviceDriver.obj : error LNK2019: unresolved external symbol __imp__pvar_func_eventRecordSizeOffset referenced in function "void __cdecl `dynamic initializer for 'rtl''(void)" (??__Ertl@@YAXXZ)
LeyboldSim_registerRecordDeviceDriver.obj : error LNK2019: unresolved external symbol __imp__pvar_func_fanoutRecordSizeOffset referenced in function "void __cdecl `dynamic initializer for 'rtl''(void)" (??__Ertl@@YAXXZ)
LeyboldSim_registerRecordDeviceDriver.obj : error LNK2019: unresolved external symbol __imp__pvar_func_histogramRecordSizeOffset referenced in function "void __cdecl `dynamic initializer for 'rtl''(void)" (??__Ertl@@YAXXZ)
LeyboldSim_registerRecordDeviceDriver.obj : error LNK2019: unresolved external symbol __imp__pvar_func_longinRecordSizeOffset referenced in function "void __cdecl `dynamic initializer for 'rtl''(void)" (??__Ertl@@YAXXZ)
LeyboldSim_registerRecordDeviceDriver.obj : error LNK2019: unresolved external symbol __imp__pvar_func_longoutRecordSizeOffset referenced in function "void __cdecl `dynamic initializer for 'rtl''(void)" (??__Ertl@@YAXXZ)
LeyboldSim_registerRecordDeviceDriver.obj : error LNK2019: unresolved external symbol __imp__pvar_func_lsiRecordSizeOffset referenced in function "void __cdecl `dynamic initializer for 'rtl''(void)" (??__Ertl@@YAXXZ)
LeyboldSim_registerRecordDeviceDriver.obj : error LNK2019: unresolved external symbol __imp__pvar_func_lsoRecordSizeOffset referenced in function "void __cdecl `dynamic initializer for 'rtl''(void)" (??__Ertl@@YAXXZ)
LeyboldSim_registerRecordDeviceDriver.obj : error LNK2019: unresolved external symbol __imp__pvar_func_mbbiRecordSizeOffset referenced in function "void __cdecl `dynamic initializer for 'rtl''(void)" (??__Ertl@@YAXXZ)
LeyboldSim_registerRecordDeviceDriver.obj : error LNK2019: unresolved external symbol __imp__pvar_func_mbbiDirectRecordSizeOffset referenced in function "void __cdecl `dynamic initializer for 'rtl''(void)" (??__Ertl@@YAXXZ)
LeyboldSim_registerRecordDeviceDriver.obj : error LNK2019: unresolved external symbol __imp__pvar_func_mbboRecordSizeOffset referenced in function "void __cdecl `dynamic initializer for 'rtl''(void)" (??__Ertl@@YAXXZ)
LeyboldSim_registerRecordDeviceDriver.obj : error LNK2019: unresolved external symbol __imp__pvar_func_mbboDirectRecordSizeOffset referenced in function "void __cdecl `dynamic initializer for 'rtl''(void)" (??__Ertl@@YAXXZ)
LeyboldSim_registerRecordDeviceDriver.obj : error LNK2019: unresolved external symbol __imp__pvar_func_permissiveRecordSizeOffset referenced in function "void __cdecl `dynamic initializer for 'rtl''(void)" (??__Ertl@@YAXXZ)
LeyboldSim_registerRecordDeviceDriver.obj : error LNK2019: unresolved external symbol __imp__pvar_func_printfRecordSizeOffset referenced in function "void __cdecl `dynamic initializer for 'rtl''(void)" (??__Ertl@@YAXXZ)
LeyboldSim_registerRecordDeviceDriver.obj : error LNK2019: unresolved external symbol __imp__pvar_func_selRecordSizeOffset referenced in function "void __cdecl `dynamic initializer for 'rtl''(void)" (??__Ertl@@YAXXZ)
LeyboldSim_registerRecordDeviceDriver.obj : error LNK2019: unresolved external symbol __imp__pvar_func_seqRecordSizeOffset referenced in function "void __cdecl `dynamic initializer for 'rtl''(void)" (??__Ertl@@YAXXZ)
LeyboldSim_registerRecordDeviceDriver.obj : error LNK2019: unresolved external symbol __imp__pvar_func_stateRecordSizeOffset referenced in function "void __cdecl `dynamic initializer for 'rtl''(void)" (??__Ertl@@YAXXZ)
LeyboldSim_registerRecordDeviceDriver.obj : error LNK2019: unresolved external symbol __imp__pvar_func_stringinRecordSizeOffset referenced in function "void __cdecl `dynamic initializer for 'rtl''(void)" (??__Ertl@@YAXXZ)
LeyboldSim_registerRecordDeviceDriver.obj : error LNK2019: unresolved external symbol __imp__pvar_func_stringoutRecordSizeOffset referenced in function "void __cdecl `dynamic initializer for 'rtl''(void)" (??__Ertl@@YAXXZ)
LeyboldSim_registerRecordDeviceDriver.obj : error LNK2019: unresolved external symbol __imp__pvar_func_subRecordSizeOffset referenced in function "void __cdecl `dynamic initializer for 'rtl''(void)" (??__Ertl@@YAXXZ)
LeyboldSim_registerRecordDeviceDriver.obj : error LNK2019: unresolved external symbol __imp__pvar_func_subArrayRecordSizeOffset referenced in function "void __cdecl `dynamic initializer for 'rtl''(void)" (??__Ertl@@YAXXZ)
LeyboldSim_registerRecordDeviceDriver.obj : error LNK2019: unresolved external symbol __imp__pvar_func_waveformRecordSizeOffset referenced in function "void __cdecl `dynamic initializer for 'rtl''(void)" (??__Ertl@@YAXXZ)
LeyboldSim_registerRecordDeviceDriver.obj : error LNK2019: unresolved external symbol __imp__pvar_dset_devAaiSoft referenced in function "void __cdecl `dynamic initializer for 'devsl''(void)" (??__Edevsl@@YAXXZ)
LeyboldSim_registerRecordDeviceDriver.obj : error LNK2019: unresolved external symbol __imp__pvar_dset_devAaoSoft referenced in function "void __cdecl `dynamic initializer for 'devsl''(void)" (??__Edevsl@@YAXXZ)
LeyboldSim_registerRecordDeviceDriver.obj : error LNK2019: unresolved external symbol __imp__pvar_dset_devAiSoft referenced in function "void __cdecl `dynamic initializer for 'devsl''(void)" (??__Edevsl@@YAXXZ)
LeyboldSim_registerRecordDeviceDriver.obj : error LNK2019: unresolved external symbol __imp__pvar_dset_devAiSoftRaw referenced in function "void __cdecl `dynamic initializer for 'devsl''(void)" (??__Edevsl@@YAXXZ)
LeyboldSim_registerRecordDeviceDriver.obj : error LNK2019: unresolved external symbol __imp__pvar_dset_devAiSoftCallback referenced in function "void __cdecl `dynamic initializer for 'devsl''(void)" (??__Edevsl@@YAXXZ)
LeyboldSim_registerRecordDeviceDriver.obj : error LNK2019: unresolved external symbol __imp__pvar_dset_devTimestampAI referenced in function "void __cdecl `dynamic initializer for 'devsl''(void)" (??__Edevsl@@YAXXZ)
LeyboldSim_registerRecordDeviceDriver.obj : error LNK2019: unresolved external symbol __imp__pvar_dset_devAiGeneralTime referenced in function "void __cdecl `dynamic initializer for 'devsl''(void)" (??__Edevsl@@YAXXZ)
LeyboldSim_registerRecordDeviceDriver.obj : error LNK2019: unresolved external symbol __imp__pvar_dset_devAoSoft referenced in function "void __cdecl `dynamic initializer for 'devsl''(void)" (??__Edevsl@@YAXXZ)
LeyboldSim_registerRecordDeviceDriver.obj : error LNK2019: unresolved external symbol __imp__pvar_dset_devAoSoftRaw referenced in function "void __cdecl `dynamic initializer for 'devsl''(void)" (??__Edevsl@@YAXXZ)
LeyboldSim_registerRecordDeviceDriver.obj : error LNK2019: unresolved external symbol __imp__pvar_dset_devAoSoftCallback referenced in function "void __cdecl `dynamic initializer for 'devsl''(void)" (??__Edevsl@@YAXXZ)
LeyboldSim_registerRecordDeviceDriver.obj : error LNK2019: unresolved external symbol __imp__pvar_dset_devBiSoft referenced in function "void __cdecl `dynamic initializer for 'devsl''(void)" (??__Edevsl@@YAXXZ)
LeyboldSim_registerRecordDeviceDriver.obj : error LNK2019: unresolved external symbol __imp__pvar_dset_devBiSoftRaw referenced in function "void __cdecl `dynamic initializer for 'devsl''(void)" (??__Edevsl@@YAXXZ)
LeyboldSim_registerRecordDeviceDriver.obj : error LNK2019: unresolved external symbol __imp__pvar_dset_devBiSoftCallback referenced in function "void __cdecl `dynamic initializer for 'devsl''(void)" (??__Edevsl@@YAXXZ)
LeyboldSim_registerRecordDeviceDriver.obj : error LNK2019: unresolved external symbol __imp__pvar_dset_devBiDbState referenced in function "void __cdecl `dynamic initializer for 'devsl''(void)" (??__Edevsl@@YAXXZ)
LeyboldSim_registerRecordDeviceDriver.obj : error LNK2019: unresolved external symbol __imp__pvar_dset_devBoSoft referenced in function "void __cdecl `dynamic initializer for 'devsl''(void)" (??__Edevsl@@YAXXZ)
LeyboldSim_registerRecordDeviceDriver.obj : error LNK2019: unresolved external symbol __imp__pvar_dset_devBoSoftRaw referenced in function "void __cdecl `dynamic initializer for 'devsl''(void)" (??__Edevsl@@YAXXZ)
LeyboldSim_registerRecordDeviceDriver.obj : error LNK2019: unresolved external symbol __imp__pvar_dset_devBoSoftCallback referenced in function "void __cdecl `dynamic initializer for 'devsl''(void)" (??__Edevsl@@YAXXZ)
LeyboldSim_registerRecordDeviceDriver.obj : error LNK2019: unresolved external symbol __imp__pvar_dset_devBoGeneralTime referenced in function "void __cdecl `dynamic initializer for 'devsl''(void)" (??__Edevsl@@YAXXZ)
LeyboldSim_registerRecordDeviceDriver.obj : error LNK2019: unresolved external symbol __imp__pvar_dset_devBoDbState referenced in function "void __cdecl `dynamic initializer for 'devsl''(void)" (??__Edevsl@@YAXXZ)
LeyboldSim_registerRecordDeviceDriver.obj : error LNK2019: unresolved external symbol __imp__pvar_dset_devCalcoutSoft referenced in function "void __cdecl `dynamic initializer for 'devsl''(void)" (??__Edevsl@@YAXXZ)
LeyboldSim_registerRecordDeviceDriver.obj : error LNK2019: unresolved external symbol __imp__pvar_dset_devCalcoutSoftCallback referenced in function "void __cdecl `dynamic initializer for 'devsl''(void)" (??__Edevsl@@YAXXZ)
LeyboldSim_registerRecordDeviceDriver.obj : error LNK2019: unresolved external symbol __imp__pvar_dset_devEventSoft referenced in function "void __cdecl `dynamic initializer for 'devsl''(void)" (??__Edevsl@@YAXXZ)
LeyboldSim_registerRecordDeviceDriver.obj : error LNK2019: unresolved external symbol __imp__pvar_dset_devHistogramSoft referenced in function "void __cdecl `dynamic initializer for 'devsl''(void)" (??__Edevsl@@YAXXZ)
LeyboldSim_registerRecordDeviceDriver.obj : error LNK2019: unresolved external symbol __imp__pvar_dset_devLiSoft referenced in function "void __cdecl `dynamic initializer for 'devsl''(void)" (??__Edevsl@@YAXXZ)
LeyboldSim_registerRecordDeviceDriver.obj : error LNK2019: unresolved external symbol __imp__pvar_dset_devLiSoftCallback referenced in function "void __cdecl `dynamic initializer for 'devsl''(void)" (??__Edevsl@@YAXXZ)
LeyboldSim_registerRecordDeviceDriver.obj : error LNK2019: unresolved external symbol __imp__pvar_dset_devLiGeneralTime referenced in function "void __cdecl `dynamic initializer for 'devsl''(void)" (??__Edevsl@@YAXXZ)
LeyboldSim_registerRecordDeviceDriver.obj : error LNK2019: unresolved external symbol __imp__pvar_dset_devLoSoft referenced in function "void __cdecl `dynamic initializer for 'devsl''(void)" (??__Edevsl@@YAXXZ)
LeyboldSim_registerRecordDeviceDriver.obj : error LNK2019: unresolved external symbol __imp__pvar_dset_devLoSoftCallback referenced in function "void __cdecl `dynamic initializer for 'devsl''(void)" (??__Edevsl@@YAXXZ)
LeyboldSim_registerRecordDeviceDriver.obj : error LNK2019: unresolved external symbol __imp__pvar_dset_devLsiSoft referenced in function "void __cdecl `dynamic initializer for 'devsl''(void)" (??__Edevsl@@YAXXZ)
LeyboldSim_registerRecordDeviceDriver.obj : error LNK2019: unresolved external symbol __imp__pvar_dset_devLsiEnviron referenced in function "void __cdecl `dynamic initializer for 'devsl''(void)" (??__Edevsl@@YAXXZ)
LeyboldSim_registerRecordDeviceDriver.obj : error LNK2019: unresolved external symbol __imp__pvar_dset_devLsoSoft referenced in function "void __cdecl `dynamic initializer for 'devsl''(void)" (??__Edevsl@@YAXXZ)
LeyboldSim_registerRecordDeviceDriver.obj : error LNK2019: unresolved external symbol __imp__pvar_dset_devLsoSoftCallback referenced in function "void __cdecl `dynamic initializer for 'devsl''(void)" (??__Edevsl@@YAXXZ)
LeyboldSim_registerRecordDeviceDriver.obj : error LNK2019: unresolved external symbol __imp__pvar_dset_devLsoStdio referenced in function "void __cdecl `dynamic initializer for 'devsl''(void)" (??__Edevsl@@YAXXZ)
LeyboldSim_registerRecordDeviceDriver.obj : error LNK2019: unresolved external symbol __imp__pvar_dset_devMbbiSoft referenced in function "void __cdecl `dynamic initializer for 'devsl''(void)" (??__Edevsl@@YAXXZ)
LeyboldSim_registerRecordDeviceDriver.obj : error LNK2019: unresolved external symbol __imp__pvar_dset_devMbbiSoftRaw referenced in function "void __cdecl `dynamic initializer for 'devsl''(void)" (??__Edevsl@@YAXXZ)
LeyboldSim_registerRecordDeviceDriver.obj : error LNK2019: unresolved external symbol __imp__pvar_dset_devMbbiSoftCallback referenced in function "void __cdecl `dynamic initializer for 'devsl''(void)" (??__Edevsl@@YAXXZ)
LeyboldSim_registerRecordDeviceDriver.obj : error LNK2019: unresolved external symbol __imp__pvar_dset_devMbbiDirectSoft referenced in function "void __cdecl `dynamic initializer for 'devsl''(void)" (??__Edevsl@@YAXXZ)
LeyboldSim_registerRecordDeviceDriver.obj : error LNK2019: unresolved external symbol __imp__pvar_dset_devMbbiDirectSoftRaw referenced in function "void __cdecl `dynamic initializer for 'devsl''(void)" (??__Edevsl@@YAXXZ)
LeyboldSim_registerRecordDeviceDriver.obj : error LNK2019: unresolved external symbol __imp__pvar_dset_devMbbiDirectSoftCallback referenced in function "void __cdecl `dynamic initializer for 'devsl''(void)" (??__Edevsl@@YAXXZ)
LeyboldSim_registerRecordDeviceDriver.obj : error LNK2019: unresolved external symbol __imp__pvar_dset_devMbboSoft referenced in function "void __cdecl `dynamic initializer for 'devsl''(void)" (??__Edevsl@@YAXXZ)
LeyboldSim_registerRecordDeviceDriver.obj : error LNK2019: unresolved external symbol __imp__pvar_dset_devMbboSoftRaw referenced in function "void __cdecl `dynamic initializer for 'devsl''(void)" (??__Edevsl@@YAXXZ)
LeyboldSim_registerRecordDeviceDriver.obj : error LNK2019: unresolved external symbol __imp__pvar_dset_devMbboSoftCallback referenced in function "void __cdecl `dynamic initializer for 'devsl''(void)" (??__Edevsl@@YAXXZ)
LeyboldSim_registerRecordDeviceDriver.obj : error LNK2019: unresolved external symbol __imp__pvar_dset_devMbboDirectSoft referenced in function "void __cdecl `dynamic initializer for 'devsl''(void)" (??__Edevsl@@YAXXZ)
LeyboldSim_registerRecordDeviceDriver.obj : error LNK2019: unresolved external symbol __imp__pvar_dset_devMbboDirectSoftRaw referenced in function "void __cdecl `dynamic initializer for 'devsl''(void)" (??__Edevsl@@YAXXZ)
LeyboldSim_registerRecordDeviceDriver.obj : error LNK2019: unresolved external symbol __imp__pvar_dset_devMbboDirectSoftCallback referenced in function "void __cdecl `dynamic initializer for 'devsl''(void)" (??__Edevsl@@YAXXZ)
LeyboldSim_registerRecordDeviceDriver.obj : error LNK2019: unresolved external symbol __imp__pvar_dset_devPrintfSoft referenced in function "void __cdecl `dynamic initializer for 'devsl''(void)" (??__Edevsl@@YAXXZ)
LeyboldSim_registerRecordDeviceDriver.obj : error LNK2019: unresolved external symbol __imp__pvar_dset_devPrintfSoftCallback referenced in function "void __cdecl `dynamic initializer for 'devsl''(void)" (??__Edevsl@@YAXXZ)
LeyboldSim_registerRecordDeviceDriver.obj : error LNK2019: unresolved external symbol __imp__pvar_dset_devPrintfStdio referenced in function "void __cdecl `dynamic initializer for 'devsl''(void)" (??__Edevsl@@YAXXZ)
LeyboldSim_registerRecordDeviceDriver.obj : error LNK2019: unresolved external symbol __imp__pvar_dset_devSiSoft referenced in function "void __cdecl `dynamic initializer for 'devsl''(void)" (??__Edevsl@@YAXXZ)
LeyboldSim_registerRecordDeviceDriver.obj : error LNK2019: unresolved external symbol __imp__pvar_dset_devSiSoftCallback referenced in function "void __cdecl `dynamic initializer for 'devsl''(void)" (??__Edevsl@@YAXXZ)
LeyboldSim_registerRecordDeviceDriver.obj : error LNK2019: unresolved external symbol __imp__pvar_dset_devTimestampSI referenced in function "void __cdecl `dynamic initializer for 'devsl''(void)" (??__Edevsl@@YAXXZ)
LeyboldSim_registerRecordDeviceDriver.obj : error LNK2019: unresolved external symbol __imp__pvar_dset_devSiGeneralTime referenced in function "void __cdecl `dynamic initializer for 'devsl''(void)" (??__Edevsl@@YAXXZ)
LeyboldSim_registerRecordDeviceDriver.obj : error LNK2019: unresolved external symbol __imp__pvar_dset_devSiEnviron referenced in function "void __cdecl `dynamic initializer for 'devsl''(void)" (??__Edevsl@@YAXXZ)
LeyboldSim_registerRecordDeviceDriver.obj : error LNK2019: unresolved external symbol __imp__pvar_dset_devSoSoft referenced in function "void __cdecl `dynamic initializer for 'devsl''(void)" (??__Edevsl@@YAXXZ)
LeyboldSim_registerRecordDeviceDriver.obj : error LNK2019: unresolved external symbol __imp__pvar_dset_devSoSoftCallback referenced in function "void __cdecl `dynamic initializer for 'devsl''(void)" (??__Edevsl@@YAXXZ)
LeyboldSim_registerRecordDeviceDriver.obj : error LNK2019: unresolved external symbol __imp__pvar_dset_devSoStdio referenced in function "void __cdecl `dynamic initializer for 'devsl''(void)" (??__Edevsl@@YAXXZ)
LeyboldSim_registerRecordDeviceDriver.obj : error LNK2019: unresolved external symbol __imp__pvar_dset_devSASoft referenced in function "void __cdecl `dynamic initializer for 'devsl''(void)" (??__Edevsl@@YAXXZ)
LeyboldSim_registerRecordDeviceDriver.obj : error LNK2019: unresolved external symbol __imp__pvar_dset_devWfSoft referenced in function "void __cdecl `dynamic initializer for 'devsl''(void)" (??__Edevsl@@YAXXZ)
LeyboldSim_registerRecordDeviceDriver.obj : error LNK2019: unresolved external symbol __imp__pvar_func_arrInitialize referenced in function _LeyboldSim_registerRecordDeviceDriver
LeyboldSim_registerRecordDeviceDriver.obj : error LNK2019: unresolved external symbol __imp__pvar_func_asSub referenced in function _LeyboldSim_registerRecordDeviceDriver
LeyboldSim_registerRecordDeviceDriver.obj : error LNK2019: unresolved external symbol __imp__pvar_func_dbndInitialize referenced in function _LeyboldSim_registerRecordDeviceDriver
LeyboldSim_registerRecordDeviceDriver.obj : error LNK2019: unresolved external symbol __imp__pvar_func_syncInitialize referenced in function _LeyboldSim_registerRecordDeviceDriver
LeyboldSim_registerRecordDeviceDriver.obj : error LNK2019: unresolved external symbol __imp__pvar_func_tsInitialize referenced in function _LeyboldSim_registerRecordDeviceDriver
LeyboldSim_registerRecordDeviceDriver.obj : error LNK2019: unresolved external symbol __imp__pvar_int_CASDEBUG referenced in function "void __cdecl `dynamic initializer for 'vardefs''(void)" (??__Evardefs@@YAXXZ)
LeyboldSim_registerRecordDeviceDriver.obj : error LNK2019: unresolved external symbol __imp__pvar_int_asCaDebug referenced in function "void __cdecl `dynamic initializer for 'vardefs''(void)" (??__Evardefs@@YAXXZ)
LeyboldSim_registerRecordDeviceDriver.obj : error LNK2019: unresolved external symbol __imp__pvar_int_atExitDebug referenced in function "void __cdecl `dynamic initializer for 'vardefs''(void)" (??__Evardefs@@YAXXZ)
LeyboldSim_registerRecordDeviceDriver.obj : error LNK2019: unresolved external symbol __imp__pvar_double_boHIGHlimit referenced in function "void __cdecl `dynamic initializer for 'vardefs''(void)" (??__Evardefs@@YAXXZ)
LeyboldSim_registerRecordDeviceDriver.obj : error LNK2019: unresolved external symbol __imp__pvar_int_boHIGHprecision referenced in function "void __cdecl `dynamic initializer for 'vardefs''(void)" (??__Evardefs@@YAXXZ)
LeyboldSim_registerRecordDeviceDriver.obj : error LNK2019: unresolved external symbol __imp__pvar_double_calcoutODLYlimit referenced in function "void __cdecl `dynamic initializer for 'vardefs''(void)" (??__Evardefs@@YAXXZ)
LeyboldSim_registerRecordDeviceDriver.obj : error LNK2019: unresolved external symbol __imp__pvar_int_calcoutODLYprecision referenced in function "void __cdecl `dynamic initializer for 'vardefs''(void)" (??__Evardefs@@YAXXZ)
LeyboldSim_registerRecordDeviceDriver.obj : error LNK2019: unresolved external symbol __imp__pvar_int_callbackParallelThreadsDefault referenced in function "void __cdecl `dynamic initializer for 'vardefs''(void)" (??__Evardefs@@YAXXZ)
LeyboldSim_registerRecordDeviceDriver.obj : error LNK2019: unresolved external symbol __imp__pvar_int_dbBptNotMonotonic referenced in function "void __cdecl `dynamic initializer for 'vardefs''(void)" (??__Evardefs@@YAXXZ)
LeyboldSim_registerRecordDeviceDriver.obj : error LNK2019: unresolved external symbol __imp__pvar_int_dbQuietMacroWarnings referenced in function "void __cdecl `dynamic initializer for 'vardefs''(void)" (??__Evardefs@@YAXXZ)
LeyboldSim_registerRecordDeviceDriver.obj : error LNK2019: unresolved external symbol __imp__pvar_int_dbRecordsAbcSorted referenced in function "void __cdecl `dynamic initializer for 'vardefs''(void)" (??__Evardefs@@YAXXZ)
LeyboldSim_registerRecordDeviceDriver.obj : error LNK2019: unresolved external symbol __imp__pvar_int_dbRecordsOnceOnly referenced in function "void __cdecl `dynamic initializer for 'vardefs''(void)" (??__Evardefs@@YAXXZ)
LeyboldSim_registerRecordDeviceDriver.obj : error LNK2019: unresolved external symbol __imp__pvar_int_dbTemplateMaxVars referenced in function "void __cdecl `dynamic initializer for 'vardefs''(void)" (??__Evardefs@@YAXXZ)
LeyboldSim_registerRecordDeviceDriver.obj : error LNK2019: unresolved external symbol __imp__pvar_int_dbThreadRealtimeLock referenced in function "void __cdecl `dynamic initializer for 'vardefs''(void)" (??__Evardefs@@YAXXZ)
LeyboldSim_registerRecordDeviceDriver.obj : error LNK2019: unresolved external symbol __imp__pvar_int_histogramSDELprecision referenced in function "void __cdecl `dynamic initializer for 'vardefs''(void)" (??__Evardefs@@YAXXZ)
LeyboldSim_registerRecordDeviceDriver.obj : error LNK2019: unresolved external symbol __imp__pvar_double_seqDLYlimit referenced in function "void __cdecl `dynamic initializer for 'vardefs''(void)" (??__Evardefs@@YAXXZ)
LeyboldSim_registerRecordDeviceDriver.obj : error LNK2019: unresolved external symbol __imp__pvar_int_seqDLYprecision referenced in function "void __cdecl `dynamic initializer for 'vardefs''(void)" (??__Evardefs@@YAXXZ)
LeyboldSimMain.obj : error LNK2019: unresolved external symbol __imp__epicsExit referenced in function _main
LeyboldSimMain.obj : error LNK2019: unresolved external symbol __imp__epicsThreadSleep@8 referenced in function _main
LeyboldSimPortDriver.obj : error LNK2001: unresolved external symbol __imp__epicsThreadSleep@8
LeyboldSimMain.obj : error LNK2019: unresolved external symbol __imp__iocsh@4 referenced in function _main
LeyboldSimPortDriver.obj : error LNK2019: unresolved external symbol "__declspec(dllimport) public: __thiscall epicsMutex::epicsMutex(void)" (__imp_??0epicsMutex@@QAE@XZ) referenced in function "void __cdecl `dynamic initializer for 'private: static class epicsMutex CLeyboldSimPortDriver::m_Mutex''(void)" (??__E?m_Mutex@CLeyboldSimPortDriver@@0VepicsMutex@@A@@YAXXZ)
LeyboldSimPortDriver.obj : error LNK2019: unresolved external symbol "__declspec(dllimport) public: __thiscall epicsMutex::~epicsMutex(void)" (__imp_??1epicsMutex@@QAE@XZ) referenced in function "void __cdecl `dynamic atexit destructor for 'private: static class epicsMutex CLeyboldSimPortDriver::m_Mutex''(void)" (??__F?m_Mutex@CLeyboldSimPortDriver@@0VepicsMutex@@A@@YAXXZ)
LeyboldSimPortDriver.obj : error LNK2019: unresolved external symbol "__declspec(dllimport) public: void __thiscall epicsMutex::lock(void)" (__imp_?lock@epicsMutex@@QAEXXZ) referenced in function "public: __thiscall epicsGuard<class epicsMutex>::epicsGuard<class epicsMutex>(class epicsMutex &)" (??0?$epicsGuard@VepicsMutex@@@@QAE@AAVepicsMutex@@@Z)
    Hint on symbols that are defined and could potentially match:
      "__declspec(dllimport) public: virtual enum asynStatus __thiscall asynPortDriver::lock(void)" (__imp_?lock@asynPortDriver@@UAE?AW4asynStatus@@XZ)
LeyboldSimPortDriver.obj : error LNK2019: unresolved external symbol "__declspec(dllimport) public: void __thiscall epicsMutex::unlock(void)" (__imp_?unlock@epicsMutex@@QAEXXZ) referenced in function "public: __thiscall epicsGuard<class epicsMutex>::~epicsGuard<class epicsMutex>(void)" (??1?$epicsGuard@VepicsMutex@@@@QAE@XZ)
    Hint on symbols that are defined and could potentially match:
      "__declspec(dllimport) public: virtual enum asynStatus __thiscall asynPortDriver::unlock(void)" (__imp_?unlock@asynPortDriver@@UAE?AW4asynStatus@@XZ)
LeyboldSimPortDriver.obj : error LNK2019: unresolved external symbol "__declspec(dllimport) public: static class epicsTime __cdecl epicsTime::getCurrent(void)" (__imp_?getCurrent@epicsTime@@SA?AV1@XZ) referenced in function "unsigned int __cdecl getTickCount(void)" (?getTickCount@@YAIXZ)
LeyboldSimPortDriver.obj : error LNK2019: unresolved external symbol "__declspec(dllimport) public: __thiscall epicsTime::operator struct epicsTimeStamp(void)const " (__imp_??BepicsTime@@QBE?AUepicsTimeStamp@@XZ) referenced in function "unsigned int __cdecl getTickCount(void)" (?getTickCount@@YAIXZ)
LeyboldSimPortDriver.obj : error LNK2019: unresolved external symbol __imp__epicsAtExit3 referenced in function "public: static void __cdecl CLeyboldSimPortDriver::LeyboldSimPortDriverConfigure(union iocshArgBuf const *)" (?LeyboldSimPortDriverConfigure@CLeyboldSimPortDriver@@SAXPBTiocshArgBuf@@@Z)
LeyboldSimPortDriver.obj : error LNK2019: unresolved external symbol __imp__epicsThreadGetStackSize@4 referenced in function "protected: static void __cdecl CLeyboldSimPortDriver::octetConnectionCallback(void *,struct asynUser *,char *,unsigned int,int)" (?octetConnectionCallback@CLeyboldSimPortDriver@@KAXPAXPAUasynUser@@PADIH@Z)
LeyboldSimPortDriver.obj : error LNK2019: unresolved external symbol __imp__epicsThreadGetNameSelf@0 referenced in function "public: virtual void __thiscall CLeyboldSimPortDriver::CThreadRunable::run(void)" (?run@CThreadRunable@CLeyboldSimPortDriver@@UAEXXZ)
LeyboldSimPortDriver.obj : error LNK2019: unresolved external symbol "__declspec(dllimport) public: virtual __thiscall epicsThreadRunable::~epicsThreadRunable(void)" (__imp_??1epicsThreadRunable@@UAE@XZ) referenced in function "public: virtual __thiscall CLeyboldSimPortDriver::CThreadRunable::~CThreadRunable(void)" (??1CThreadRunable@CLeyboldSimPortDriver@@UAE@XZ)
LeyboldSimPortDriver.obj : error LNK2019: unresolved external symbol "__declspec(dllimport) public: __thiscall epicsThreadRunable::epicsThreadRunable(void)" (__imp_??0epicsThreadRunable@@QAE@XZ) referenced in function "public: __thiscall CLeyboldSimPortDriver::CThreadRunable::CThreadRunable(class CLeyboldSimPortDriver *)" (??0CThreadRunable@CLeyboldSimPortDriver@@QAE@PAV1@@Z)
LeyboldSimPortDriver.obj : error LNK2019: unresolved external symbol "__declspec(dllimport) public: __thiscall epicsThread::epicsThread(class epicsThreadRunable &,char const *,unsigned int,unsigned int)" (__imp_??0epicsThread@@QAE@AAVepicsThreadRunable@@PBDII@Z) referenced in function "protected: static void __cdecl CLeyboldSimPortDriver::octetConnectionCallback(void *,struct asynUser *,char *,unsigned int,int)" (?octetConnectionCallback@CLeyboldSimPortDriver@@KAXPAXPAUasynUser@@PADIH@Z)
LeyboldSimPortDriver.obj : error LNK2019: unresolved external symbol "__declspec(dllimport) public: __thiscall epicsThread::~epicsThread(void)" (__imp_??1epicsThread@@QAE@XZ) referenced in function "public: void * __thiscall epicsThread::`scalar deleting destructor'(unsigned int)" (??_GepicsThread@@QAEPAXI@Z)
LeyboldSimPortDriver.obj : error LNK2019: unresolved external symbol "__declspec(dllimport) public: void __thiscall epicsThread::start(void)" (__imp_?start@epicsThread@@QAEXXZ) referenced in function "protected: static void __cdecl CLeyboldSimPortDriver::octetConnectionCallback(void *,struct asynUser *,char *,unsigned int,int)" (?octetConnectionCallback@CLeyboldSimPortDriver@@KAXPAXPAUasynUser@@PADIH@Z)
LeyboldSimPortDriver.obj : error LNK2001: unresolved external symbol "public: virtual void __thiscall epicsThreadRunable::show(unsigned int)const " (?show@epicsThreadRunable@@UBEXI@Z)
C:\epics\Debug_DLL\LeyboldSim.exe : fatal error LNK1120: 167 unresolved externals
