c:\epics\base-3.15.6\src\ca\client\tools\debug_dll\caget.obj
c:\epics\base-3.15.6\src\ca\client\tools\debug_dll\camonitor.obj
c:\epics\base-3.15.6\src\ca\client\tools\debug_dll\caput.obj
c:\epics\base-3.15.6\src\ca\client\tools\debug_dll\caget.ilk
c:\epics\base-3.15.6\src\ca\client\tools\debug_dll\camonitor.ilk
c:\epics\base-3.15.6\src\ca\client\tools\debug_dll\caput.ilk
c:\epics\base-3.15.6\src\ca\client\tools\debug_dll\cagetvc142.idb
c:\epics\base-3.15.6\src\ca\client\tools\debug_dll\camonitorvc142.idb
c:\epics\base-3.15.6\src\ca\client\tools\debug_dll\caputvc142.idb
c:\epics\base-3.15.6\src\ca\client\tools\debug_dll\cagetvc142.pdb
c:\epics\base-3.15.6\src\ca\client\tools\debug_dll\camonitorvc142.pdb
c:\epics\base-3.15.6\src\ca\client\tools\debug_dll\caputvc142.pdb
c:\epics\base-3.15.6\src\ca\client\tools\debug_dll\caget.sbr
c:\epics\base-3.15.6\src\ca\client\tools\debug_dll\camonitor.sbr
c:\epics\base-3.15.6\src\ca\client\tools\debug_dll\caput.sbr
c:\epics\debug_dll\cainfo.pdb
c:\epics\debug_dll\cainfo.exe
c:\epics\debug_dll\cainfo.bsc
c:\epics\base-3.15.6\src\ca\client\tools\debug_dll\cainfo.tlog\bscmake.command.1.tlog
c:\epics\base-3.15.6\src\ca\client\tools\debug_dll\cainfo.tlog\cl.command.1.tlog
c:\epics\base-3.15.6\src\ca\client\tools\debug_dll\cainfo.tlog\link.command.1.tlog
