c:\epics\base-3.15.6\src\template\base\top\caserverapp\debug_dll\exasyncpv.obj
c:\epics\base-3.15.6\src\template\base\top\caserverapp\debug_dll\exchannel.obj
c:\epics\base-3.15.6\src\template\base\top\caserverapp\debug_dll\expv.obj
c:\epics\base-3.15.6\src\template\base\top\caserverapp\debug_dll\exscalarpv.obj
c:\epics\base-3.15.6\src\template\base\top\caserverapp\debug_dll\exserver.obj
c:\epics\base-3.15.6\src\template\base\top\caserverapp\debug_dll\exvectorpv.obj
c:\epics\base-3.15.6\src\template\base\top\caserverapp\debug_dll\main.obj
c:\epics\base-3.15.6\src\template\base\top\caserverapp\debug_dll\excas.ilk
c:\epics\base-3.15.6\src\template\base\top\caserverapp\debug_dll\vc142.idb
c:\epics\base-3.15.6\src\template\base\top\caserverapp\debug_dll\vc142.pdb
c:\epics\base-3.15.6\src\template\base\top\caserverapp\debug_dll\exasyncpv.sbr
c:\epics\base-3.15.6\src\template\base\top\caserverapp\debug_dll\exchannel.sbr
c:\epics\base-3.15.6\src\template\base\top\caserverapp\debug_dll\expv.sbr
c:\epics\base-3.15.6\src\template\base\top\caserverapp\debug_dll\exscalarpv.sbr
c:\epics\base-3.15.6\src\template\base\top\caserverapp\debug_dll\exserver.sbr
c:\epics\base-3.15.6\src\template\base\top\caserverapp\debug_dll\exvectorpv.sbr
c:\epics\base-3.15.6\src\template\base\top\caserverapp\debug_dll\main.sbr
c:\epics\debug_dll\excas.pdb
c:\epics\debug_dll\excas.exe
c:\epics\debug_dll\excas.bsc
c:\epics\base-3.15.6\src\template\base\top\caserverapp\debug_dll\excas.tlog\bscmake.command.1.tlog
c:\epics\base-3.15.6\src\template\base\top\caserverapp\debug_dll\excas.tlog\cl.command.1.tlog
c:\epics\base-3.15.6\src\template\base\top\caserverapp\debug_dll\excas.tlog\link.command.1.tlog
