  Performing Custom Build Tools
          1 file(s) moved.
  Performing Custom Build Tools
          1 file(s) moved.
  Performing Custom Build Tools
  Performing Custom Build Tools
  Performing Custom Build Tools
  Performing Custom Build Tools
  Performing Custom Build Tools
  Performing Custom Build Tools
  Performing Custom Build Tools
  Performing Custom Build Tools
  Performing Custom Build Tools
  Performing Custom Build Tools
          1 file(s) moved.
  Performing Custom Build Tools
          1 file(s) moved.
  Performing Custom Build Tools
  Performing Custom Build Tools
  Performing Custom Build Tools
  Performing Custom Build Tools
  Performing Custom Build Tools
  Performing Custom Build Tools
  Performing Custom Build Tools
  asCa.c
  asDbLib.c
  asIocRegister.c
  dbPvdLib.c
  dbStaticIocRegister.c
  dbStaticLib.c
  dbStaticRun.c
  dbtoolsIocRegister.c
  callback.c
  chfPlugin.c
  cvtBpt.c
  dbAccess.c
  dbBkpt.c
  dbCa.c
  dbCaTest.c
  dbChannel.c
  dbConvert.c
  dbEvent.c
  dbExtractArray.c
  dbFastLinkConv.c
  Generating Code...
  Compiling...
  dbIocRegister.c
  dbLink.c
  dbLock.c
  dbNotify.c
  dbScan.c
  dbServer.c
  dbState.c
  dbTest.c
  dbUnitTest.c
  db_access.c
  db_test.c
  initHooks.c
  recGbl.c
  dlload.c
  epicsRelease.c
  iocInit.c
  iocshRegisterCommon.c
  miscIocRegister.c
  dbLoadTemplate.c
dbtemplate/dbLoadTemplate_lex.l(223,1): warning C4013: 'read' undefined; assuming extern returning int
  registryCommon.c
  Generating Code...
  Compiling...
  registryDeviceSupport.c
  registryDriverSupport.c
  registryFunction.c
  registryIocRegister.c
  registryRecordType.c
  camessage.c
  camsgtask.c
  caserverio.c
  caservertask.c
  cast_server.c
  online_notify.c
  rsrvIocRegister.c
  Generating Code...
  dbChannelIO.cpp
  dbContext.cpp
  dbContextReadNotifyCache.cpp
  dbPutNotifyBlocker.cpp
  dbSubscriptionIO.cpp
  templateInstances.cpp
  Generating Code...
  dbYacc.c
     Creating library C:\epics\Debug_DLL\dbCore.lib and object C:\epics\Debug_DLL\dbCore.exp
  dbCore.vcxproj -> C:\epics\Debug_DLL\dbCore.dll
  File not found - *.h
