c:\epics\base-3.15.6\src\ioc\o.common\dbloadtemplate.c
c:\epics\base-3.15.6\src\ioc\o.common\dbloadtemplate_lex.c
c:\epics\base-3.15.6\src\ioc\o.common\dbcommon.h
c:\epics\base-3.15.6\src\ioc\o.common\menualarmstat.h
c:\epics\base-3.15.6\src\ioc\o.common\menuftype.h
c:\epics\base-3.15.6\src\ioc\o.common\menuivoa.h
c:\epics\base-3.15.6\src\ioc\o.common\menuomsl.h
c:\epics\base-3.15.6\src\ioc\o.common\menupini.h
c:\epics\base-3.15.6\src\ioc\o.common\menupriority.h
c:\epics\base-3.15.6\src\ioc\o.common\menuscan.h
c:\epics\base-3.15.6\src\ioc\o.common\menuyesno.h
c:\epics\base-3.15.6\src\ioc\o.common\dbyacc.c
c:\epics\base-3.15.6\src\ioc\o.common\dblex.c
c:\epics\base-3.15.6\src\ioc\o.common\dbcore.h
c:\epics\base-3.15.6\src\ioc\o.common\dlload.h
c:\epics\base-3.15.6\src\ioc\o.common\system.h
c:\epics\base-3.15.6\src\ioc\o.common\menualarmsevr.dbd
c:\epics\base-3.15.6\src\ioc\o.common\menupost.h
c:\epics\base-3.15.6\src\ioc\o.common\menusimm.dbd
c:\epics\base-3.15.6\src\ioc\o.common\menusimm.h
c:\epics\debug_dll\dbcore.lib
c:\epics\debug_dll\dbcore.exp
c:\epics\base-3.15.6\src\ioc\debug_dll\asca.obj
c:\epics\base-3.15.6\src\ioc\debug_dll\asdblib.obj
c:\epics\base-3.15.6\src\ioc\debug_dll\asiocregister.obj
c:\epics\base-3.15.6\src\ioc\debug_dll\callback.obj
c:\epics\base-3.15.6\src\ioc\debug_dll\camessage.obj
c:\epics\base-3.15.6\src\ioc\debug_dll\camsgtask.obj
c:\epics\base-3.15.6\src\ioc\debug_dll\caserverio.obj
c:\epics\base-3.15.6\src\ioc\debug_dll\caservertask.obj
c:\epics\base-3.15.6\src\ioc\debug_dll\cast_server.obj
c:\epics\base-3.15.6\src\ioc\debug_dll\chfplugin.obj
c:\epics\base-3.15.6\src\ioc\debug_dll\cvtbpt.obj
c:\epics\base-3.15.6\src\ioc\debug_dll\dbaccess.obj
c:\epics\base-3.15.6\src\ioc\debug_dll\dbbkpt.obj
c:\epics\base-3.15.6\src\ioc\debug_dll\dbca.obj
c:\epics\base-3.15.6\src\ioc\debug_dll\dbcatest.obj
c:\epics\base-3.15.6\src\ioc\debug_dll\dbchannel.obj
c:\epics\base-3.15.6\src\ioc\debug_dll\dbchannelio.obj
c:\epics\base-3.15.6\src\ioc\debug_dll\dbcontext.obj
c:\epics\base-3.15.6\src\ioc\debug_dll\dbcontextreadnotifycache.obj
c:\epics\base-3.15.6\src\ioc\debug_dll\dbconvert.obj
c:\epics\base-3.15.6\src\ioc\debug_dll\dbevent.obj
c:\epics\base-3.15.6\src\ioc\debug_dll\dbextractarray.obj
c:\epics\base-3.15.6\src\ioc\debug_dll\dbfastlinkconv.obj
c:\epics\base-3.15.6\src\ioc\debug_dll\dbiocregister.obj
c:\epics\base-3.15.6\src\ioc\debug_dll\dblink.obj
c:\epics\base-3.15.6\src\ioc\debug_dll\dbloadtemplate.obj
c:\epics\base-3.15.6\src\ioc\debug_dll\dblock.obj
c:\epics\base-3.15.6\src\ioc\debug_dll\dbnotify.obj
c:\epics\base-3.15.6\src\ioc\debug_dll\dbputnotifyblocker.obj
c:\epics\base-3.15.6\src\ioc\debug_dll\dbpvdlib.obj
c:\epics\base-3.15.6\src\ioc\debug_dll\dbscan.obj
c:\epics\base-3.15.6\src\ioc\debug_dll\dbserver.obj
c:\epics\base-3.15.6\src\ioc\debug_dll\dbstate.obj
c:\epics\base-3.15.6\src\ioc\debug_dll\dbstaticiocregister.obj
c:\epics\base-3.15.6\src\ioc\debug_dll\dbstaticlib.obj
c:\epics\base-3.15.6\src\ioc\debug_dll\dbstaticrun.obj
c:\epics\base-3.15.6\src\ioc\debug_dll\dbsubscriptionio.obj
c:\epics\base-3.15.6\src\ioc\debug_dll\dbtest.obj
c:\epics\base-3.15.6\src\ioc\debug_dll\dbtoolsiocregister.obj
c:\epics\base-3.15.6\src\ioc\debug_dll\dbunittest.obj
c:\epics\base-3.15.6\src\ioc\debug_dll\dbyacc.obj
c:\epics\base-3.15.6\src\ioc\debug_dll\db_access.obj
c:\epics\base-3.15.6\src\ioc\debug_dll\db_test.obj
c:\epics\base-3.15.6\src\ioc\debug_dll\dlload.obj
c:\epics\base-3.15.6\src\ioc\debug_dll\epicsrelease.obj
c:\epics\base-3.15.6\src\ioc\debug_dll\inithooks.obj
c:\epics\base-3.15.6\src\ioc\debug_dll\iocinit.obj
c:\epics\base-3.15.6\src\ioc\debug_dll\iocshregistercommon.obj
c:\epics\base-3.15.6\src\ioc\debug_dll\misciocregister.obj
c:\epics\base-3.15.6\src\ioc\debug_dll\online_notify.obj
c:\epics\base-3.15.6\src\ioc\debug_dll\recgbl.obj
c:\epics\base-3.15.6\src\ioc\debug_dll\registrycommon.obj
c:\epics\base-3.15.6\src\ioc\debug_dll\registrydevicesupport.obj
c:\epics\base-3.15.6\src\ioc\debug_dll\registrydriversupport.obj
c:\epics\base-3.15.6\src\ioc\debug_dll\registryfunction.obj
c:\epics\base-3.15.6\src\ioc\debug_dll\registryiocregister.obj
c:\epics\base-3.15.6\src\ioc\debug_dll\registryrecordtype.obj
c:\epics\base-3.15.6\src\ioc\debug_dll\rsrviocregister.obj
c:\epics\base-3.15.6\src\ioc\debug_dll\templateinstances.obj
c:\epics\base-3.15.6\src\ioc\debug_dll\dbcore.ilk
c:\epics\base-3.15.6\src\ioc\debug_dll\dbcore.res
c:\epics\base-3.15.6\src\ioc\debug_dll\vc142.idb
c:\epics\base-3.15.6\src\ioc\debug_dll\vc142.pdb
c:\epics\base-3.15.6\src\ioc\debug_dll\asca.sbr
c:\epics\base-3.15.6\src\ioc\debug_dll\asdblib.sbr
c:\epics\base-3.15.6\src\ioc\debug_dll\asiocregister.sbr
c:\epics\base-3.15.6\src\ioc\debug_dll\callback.sbr
c:\epics\base-3.15.6\src\ioc\debug_dll\camessage.sbr
c:\epics\base-3.15.6\src\ioc\debug_dll\camsgtask.sbr
c:\epics\base-3.15.6\src\ioc\debug_dll\caserverio.sbr
c:\epics\base-3.15.6\src\ioc\debug_dll\caservertask.sbr
c:\epics\base-3.15.6\src\ioc\debug_dll\cast_server.sbr
c:\epics\base-3.15.6\src\ioc\debug_dll\chfplugin.sbr
c:\epics\base-3.15.6\src\ioc\debug_dll\cvtbpt.sbr
c:\epics\base-3.15.6\src\ioc\debug_dll\dbaccess.sbr
c:\epics\base-3.15.6\src\ioc\debug_dll\dbbkpt.sbr
c:\epics\base-3.15.6\src\ioc\debug_dll\dbca.sbr
c:\epics\base-3.15.6\src\ioc\debug_dll\dbcatest.sbr
c:\epics\base-3.15.6\src\ioc\debug_dll\dbchannel.sbr
c:\epics\base-3.15.6\src\ioc\debug_dll\dbchannelio.sbr
c:\epics\base-3.15.6\src\ioc\debug_dll\dbcontext.sbr
c:\epics\base-3.15.6\src\ioc\debug_dll\dbcontextreadnotifycache.sbr
c:\epics\base-3.15.6\src\ioc\debug_dll\dbconvert.sbr
c:\epics\base-3.15.6\src\ioc\debug_dll\dbevent.sbr
c:\epics\base-3.15.6\src\ioc\debug_dll\dbextractarray.sbr
c:\epics\base-3.15.6\src\ioc\debug_dll\dbfastlinkconv.sbr
c:\epics\base-3.15.6\src\ioc\debug_dll\dbiocregister.sbr
c:\epics\base-3.15.6\src\ioc\debug_dll\dblink.sbr
c:\epics\base-3.15.6\src\ioc\debug_dll\dbloadtemplate.sbr
c:\epics\base-3.15.6\src\ioc\debug_dll\dblock.sbr
c:\epics\base-3.15.6\src\ioc\debug_dll\dbnotify.sbr
c:\epics\base-3.15.6\src\ioc\debug_dll\dbputnotifyblocker.sbr
c:\epics\base-3.15.6\src\ioc\debug_dll\dbpvdlib.sbr
c:\epics\base-3.15.6\src\ioc\debug_dll\dbscan.sbr
c:\epics\base-3.15.6\src\ioc\debug_dll\dbserver.sbr
c:\epics\base-3.15.6\src\ioc\debug_dll\dbstate.sbr
c:\epics\base-3.15.6\src\ioc\debug_dll\dbstaticiocregister.sbr
c:\epics\base-3.15.6\src\ioc\debug_dll\dbstaticlib.sbr
c:\epics\base-3.15.6\src\ioc\debug_dll\dbstaticrun.sbr
c:\epics\base-3.15.6\src\ioc\debug_dll\dbsubscriptionio.sbr
c:\epics\base-3.15.6\src\ioc\debug_dll\dbtest.sbr
c:\epics\base-3.15.6\src\ioc\debug_dll\dbtoolsiocregister.sbr
c:\epics\base-3.15.6\src\ioc\debug_dll\dbunittest.sbr
c:\epics\base-3.15.6\src\ioc\debug_dll\dbyacc.sbr
c:\epics\base-3.15.6\src\ioc\debug_dll\db_access.sbr
c:\epics\base-3.15.6\src\ioc\debug_dll\db_test.sbr
c:\epics\base-3.15.6\src\ioc\debug_dll\dlload.sbr
c:\epics\base-3.15.6\src\ioc\debug_dll\epicsrelease.sbr
c:\epics\base-3.15.6\src\ioc\debug_dll\inithooks.sbr
c:\epics\base-3.15.6\src\ioc\debug_dll\iocinit.sbr
c:\epics\base-3.15.6\src\ioc\debug_dll\iocshregistercommon.sbr
c:\epics\base-3.15.6\src\ioc\debug_dll\misciocregister.sbr
c:\epics\base-3.15.6\src\ioc\debug_dll\online_notify.sbr
c:\epics\base-3.15.6\src\ioc\debug_dll\recgbl.sbr
c:\epics\base-3.15.6\src\ioc\debug_dll\registrycommon.sbr
c:\epics\base-3.15.6\src\ioc\debug_dll\registrydevicesupport.sbr
c:\epics\base-3.15.6\src\ioc\debug_dll\registrydriversupport.sbr
c:\epics\base-3.15.6\src\ioc\debug_dll\registryfunction.sbr
c:\epics\base-3.15.6\src\ioc\debug_dll\registryiocregister.sbr
c:\epics\base-3.15.6\src\ioc\debug_dll\registryrecordtype.sbr
c:\epics\base-3.15.6\src\ioc\debug_dll\rsrviocregister.sbr
c:\epics\base-3.15.6\src\ioc\debug_dll\templateinstances.sbr
c:\epics\debug_dll\dbcore.pdb
c:\epics\debug_dll\dbcore.dll
c:\epics\debug_dll\dbcore.bsc
c:\epics\base-3.15.6\src\ioc\debug_dll\dbcore.tlog\bscmake.command.1.tlog
c:\epics\base-3.15.6\src\ioc\debug_dll\dbcore.tlog\cl.command.1.tlog
c:\epics\base-3.15.6\src\ioc\debug_dll\dbcore.tlog\custombuild.command.1.tlog
c:\epics\base-3.15.6\src\ioc\debug_dll\dbcore.tlog\custombuild.read.1.tlog
c:\epics\base-3.15.6\src\ioc\debug_dll\dbcore.tlog\custombuild.write.1.tlog
c:\epics\base-3.15.6\src\ioc\debug_dll\dbcore.tlog\dbcore.write.1u.tlog
c:\epics\base-3.15.6\src\ioc\debug_dll\dbcore.tlog\link.command.1.tlog
c:\epics\base-3.15.6\src\ioc\debug_dll\dbcore.tlog\rc.command.1.tlog
