c:\epics\motor\motorapp\motorsrc\o.common\motorrecord.h
c:\epics\motor\motorapp\motorsrc\o.common\motorsupport.h
c:\epics\debug_dll\motor.lib
c:\epics\debug_dll\motor.exp
c:\epics\motor\motorapp\motorsrc\debug_dll\asynmotoraxis.obj
c:\epics\motor\motorapp\motorsrc\debug_dll\asynmotorcontroller.obj
c:\epics\motor\motorapp\motorsrc\debug_dll\devmotorasyn.obj
c:\epics\motor\motorapp\motorsrc\debug_dll\drvmotorasyn.obj
c:\epics\motor\motorapp\motorsrc\debug_dll\motordevcom.obj
c:\epics\motor\motorapp\motorsrc\debug_dll\motordrvcom.obj
c:\epics\motor\motorapp\motorsrc\debug_dll\motorrecord.obj
c:\epics\motor\motorapp\motorsrc\debug_dll\motorutil.obj
c:\epics\motor\motorapp\motorsrc\debug_dll\motorutilaux.obj
c:\epics\motor\motorapp\motorsrc\debug_dll\paramlib.obj
c:\epics\motor\motorapp\motorsrc\debug_dll\motor.ilk
c:\epics\motor\motorapp\motorsrc\debug_dll\vc142.idb
c:\epics\motor\motorapp\motorsrc\debug_dll\vc142.pdb
c:\epics\debug_dll\motor.pdb
c:\epics\debug_dll\motor.dll
c:\epics\motor\motorapp\motorsrc\debug_dll\motor.tlog\cl.command.1.tlog
c:\epics\motor\motorapp\motorsrc\debug_dll\motor.tlog\custombuild.command.1.tlog
c:\epics\motor\motorapp\motorsrc\debug_dll\motor.tlog\custombuild.read.1.tlog
c:\epics\motor\motorapp\motorsrc\debug_dll\motor.tlog\custombuild.write.1.tlog
c:\epics\motor\motorapp\motorsrc\debug_dll\motor.tlog\link.command.1.tlog
c:\epics\motor\motorapp\motorsrc\debug_dll\motor.tlog\motor.write.1u.tlog
