c:\epics\debug_dll\cas.lib
c:\epics\debug_dll\cas.exp
c:\epics\base-3.15.6\src\ca\legacy\pcas\debug_dll\beaconanomalygovernor.obj
c:\epics\base-3.15.6\src\ca\legacy\pcas\debug_dll\beacontimer.obj
c:\epics\base-3.15.6\src\ca\legacy\pcas\debug_dll\canetaddr.obj
c:\epics\base-3.15.6\src\ca\legacy\pcas\debug_dll\casasyncioi.obj
c:\epics\base-3.15.6\src\ca\legacy\pcas\debug_dll\casasyncpvattachio.obj
c:\epics\base-3.15.6\src\ca\legacy\pcas\debug_dll\casasyncpvattachioi.obj
c:\epics\base-3.15.6\src\ca\legacy\pcas\debug_dll\casasyncpvexistio.obj
c:\epics\base-3.15.6\src\ca\legacy\pcas\debug_dll\casasyncpvexistioi.obj
c:\epics\base-3.15.6\src\ca\legacy\pcas\debug_dll\casasyncreadio.obj
c:\epics\base-3.15.6\src\ca\legacy\pcas\debug_dll\casasyncreadioi.obj
c:\epics\base-3.15.6\src\ca\legacy\pcas\debug_dll\casasyncwriteio.obj
c:\epics\base-3.15.6\src\ca\legacy\pcas\debug_dll\casasyncwriteioi.obj
c:\epics\base-3.15.6\src\ca\legacy\pcas\debug_dll\casbufferfactory.obj
c:\epics\base-3.15.6\src\ca\legacy\pcas\debug_dll\caschannel.obj
c:\epics\base-3.15.6\src\ca\legacy\pcas\debug_dll\caschanneli.obj
c:\epics\base-3.15.6\src\ca\legacy\pcas\debug_dll\cascoreclient.obj
c:\epics\base-3.15.6\src\ca\legacy\pcas\debug_dll\casctx.obj
c:\epics\base-3.15.6\src\ca\legacy\pcas\debug_dll\casdgclient.obj
c:\epics\base-3.15.6\src\ca\legacy\pcas\debug_dll\casdgintfio.obj
c:\epics\base-3.15.6\src\ca\legacy\pcas\debug_dll\casdgintfos.obj
c:\epics\base-3.15.6\src\ca\legacy\pcas\debug_dll\caserver.obj
c:\epics\base-3.15.6\src\ca\legacy\pcas\debug_dll\caserveri.obj
c:\epics\base-3.15.6\src\ca\legacy\pcas\debug_dll\caserverio.obj
c:\epics\base-3.15.6\src\ca\legacy\pcas\debug_dll\caserveros.obj
c:\epics\base-3.15.6\src\ca\legacy\pcas\debug_dll\caseventmask.obj
c:\epics\base-3.15.6\src\ca\legacy\pcas\debug_dll\caseventsys.obj
c:\epics\base-3.15.6\src\ca\legacy\pcas\debug_dll\casintfio.obj
c:\epics\base-3.15.6\src\ca\legacy\pcas\debug_dll\casintfos.obj
c:\epics\base-3.15.6\src\ca\legacy\pcas\debug_dll\casmonevent.obj
c:\epics\base-3.15.6\src\ca\legacy\pcas\debug_dll\casmonitor.obj
c:\epics\base-3.15.6\src\ca\legacy\pcas\debug_dll\caspv.obj
c:\epics\base-3.15.6\src\ca\legacy\pcas\debug_dll\caspvi.obj
c:\epics\base-3.15.6\src\ca\legacy\pcas\debug_dll\casstreamio.obj
c:\epics\base-3.15.6\src\ca\legacy\pcas\debug_dll\casstreamos.obj
c:\epics\base-3.15.6\src\ca\legacy\pcas\debug_dll\casstrmclient.obj
c:\epics\base-3.15.6\src\ca\legacy\pcas\debug_dll\chanintfforpv.obj
c:\epics\base-3.15.6\src\ca\legacy\pcas\debug_dll\channeldestroyevent.obj
c:\epics\base-3.15.6\src\ca\legacy\pcas\debug_dll\clientbufmemorymanager.obj
c:\epics\base-3.15.6\src\ca\legacy\pcas\debug_dll\inbuf.obj
c:\epics\base-3.15.6\src\ca\legacy\pcas\debug_dll\ioblocked.obj
c:\epics\base-3.15.6\src\ca\legacy\pcas\debug_dll\ipignoreentry.obj
c:\epics\base-3.15.6\src\ca\legacy\pcas\debug_dll\outbuf.obj
c:\epics\base-3.15.6\src\ca\legacy\pcas\debug_dll\pvattachreturn.obj
c:\epics\base-3.15.6\src\ca\legacy\pcas\debug_dll\pvexistreturn.obj
c:\epics\base-3.15.6\src\ca\legacy\pcas\debug_dll\templateinstances.obj
c:\epics\base-3.15.6\src\ca\legacy\pcas\debug_dll\cas.ilk
c:\epics\base-3.15.6\src\ca\legacy\pcas\debug_dll\cas.res
c:\epics\base-3.15.6\src\ca\legacy\pcas\debug_dll\vc142.idb
c:\epics\base-3.15.6\src\ca\legacy\pcas\debug_dll\vc142.pdb
c:\epics\base-3.15.6\src\ca\legacy\pcas\debug_dll\beaconanomalygovernor.sbr
c:\epics\base-3.15.6\src\ca\legacy\pcas\debug_dll\beacontimer.sbr
c:\epics\base-3.15.6\src\ca\legacy\pcas\debug_dll\canetaddr.sbr
c:\epics\base-3.15.6\src\ca\legacy\pcas\debug_dll\casasyncioi.sbr
c:\epics\base-3.15.6\src\ca\legacy\pcas\debug_dll\casasyncpvattachio.sbr
c:\epics\base-3.15.6\src\ca\legacy\pcas\debug_dll\casasyncpvattachioi.sbr
c:\epics\base-3.15.6\src\ca\legacy\pcas\debug_dll\casasyncpvexistio.sbr
c:\epics\base-3.15.6\src\ca\legacy\pcas\debug_dll\casasyncpvexistioi.sbr
c:\epics\base-3.15.6\src\ca\legacy\pcas\debug_dll\casasyncreadio.sbr
c:\epics\base-3.15.6\src\ca\legacy\pcas\debug_dll\casasyncreadioi.sbr
c:\epics\base-3.15.6\src\ca\legacy\pcas\debug_dll\casasyncwriteio.sbr
c:\epics\base-3.15.6\src\ca\legacy\pcas\debug_dll\casasyncwriteioi.sbr
c:\epics\base-3.15.6\src\ca\legacy\pcas\debug_dll\casbufferfactory.sbr
c:\epics\base-3.15.6\src\ca\legacy\pcas\debug_dll\caschannel.sbr
c:\epics\base-3.15.6\src\ca\legacy\pcas\debug_dll\caschanneli.sbr
c:\epics\base-3.15.6\src\ca\legacy\pcas\debug_dll\cascoreclient.sbr
c:\epics\base-3.15.6\src\ca\legacy\pcas\debug_dll\casctx.sbr
c:\epics\base-3.15.6\src\ca\legacy\pcas\debug_dll\casdgclient.sbr
c:\epics\base-3.15.6\src\ca\legacy\pcas\debug_dll\casdgintfio.sbr
c:\epics\base-3.15.6\src\ca\legacy\pcas\debug_dll\casdgintfos.sbr
c:\epics\base-3.15.6\src\ca\legacy\pcas\debug_dll\caserver.sbr
c:\epics\base-3.15.6\src\ca\legacy\pcas\debug_dll\caserveri.sbr
c:\epics\base-3.15.6\src\ca\legacy\pcas\debug_dll\caserverio.sbr
c:\epics\base-3.15.6\src\ca\legacy\pcas\debug_dll\caserveros.sbr
c:\epics\base-3.15.6\src\ca\legacy\pcas\debug_dll\caseventmask.sbr
c:\epics\base-3.15.6\src\ca\legacy\pcas\debug_dll\caseventsys.sbr
c:\epics\base-3.15.6\src\ca\legacy\pcas\debug_dll\casintfio.sbr
c:\epics\base-3.15.6\src\ca\legacy\pcas\debug_dll\casintfos.sbr
c:\epics\base-3.15.6\src\ca\legacy\pcas\debug_dll\casmonevent.sbr
c:\epics\base-3.15.6\src\ca\legacy\pcas\debug_dll\casmonitor.sbr
c:\epics\base-3.15.6\src\ca\legacy\pcas\debug_dll\caspv.sbr
c:\epics\base-3.15.6\src\ca\legacy\pcas\debug_dll\caspvi.sbr
c:\epics\base-3.15.6\src\ca\legacy\pcas\debug_dll\casstreamio.sbr
c:\epics\base-3.15.6\src\ca\legacy\pcas\debug_dll\casstreamos.sbr
c:\epics\base-3.15.6\src\ca\legacy\pcas\debug_dll\casstrmclient.sbr
c:\epics\base-3.15.6\src\ca\legacy\pcas\debug_dll\chanintfforpv.sbr
c:\epics\base-3.15.6\src\ca\legacy\pcas\debug_dll\channeldestroyevent.sbr
c:\epics\base-3.15.6\src\ca\legacy\pcas\debug_dll\clientbufmemorymanager.sbr
c:\epics\base-3.15.6\src\ca\legacy\pcas\debug_dll\inbuf.sbr
c:\epics\base-3.15.6\src\ca\legacy\pcas\debug_dll\ioblocked.sbr
c:\epics\base-3.15.6\src\ca\legacy\pcas\debug_dll\ipignoreentry.sbr
c:\epics\base-3.15.6\src\ca\legacy\pcas\debug_dll\outbuf.sbr
c:\epics\base-3.15.6\src\ca\legacy\pcas\debug_dll\pvattachreturn.sbr
c:\epics\base-3.15.6\src\ca\legacy\pcas\debug_dll\pvexistreturn.sbr
c:\epics\base-3.15.6\src\ca\legacy\pcas\debug_dll\templateinstances.sbr
c:\epics\debug_dll\cas.pdb
c:\epics\debug_dll\cas.dll
c:\epics\debug_dll\cas.bsc
c:\epics\base-3.15.6\src\ca\legacy\pcas\debug_dll\cas.tlog\bscmake.command.1.tlog
c:\epics\base-3.15.6\src\ca\legacy\pcas\debug_dll\cas.tlog\cas.write.1u.tlog
c:\epics\base-3.15.6\src\ca\legacy\pcas\debug_dll\cas.tlog\cl.command.1.tlog
c:\epics\base-3.15.6\src\ca\legacy\pcas\debug_dll\cas.tlog\link.command.1.tlog
c:\epics\base-3.15.6\src\ca\legacy\pcas\debug_dll\cas.tlog\rc.command.1.tlog
