c:\epics\debug_dll\aitgen.lib
c:\epics\debug_dll\aitgen.exp
c:\epics\base-3.15.6\src\ca\legacy\gdd\debug_dll\aitconvert.obj
c:\epics\base-3.15.6\src\ca\legacy\gdd\debug_dll\aithelpers.obj
c:\epics\base-3.15.6\src\ca\legacy\gdd\debug_dll\aittypes.obj
c:\epics\base-3.15.6\src\ca\legacy\gdd\debug_dll\dbmapper.obj
c:\epics\base-3.15.6\src\ca\legacy\gdd\debug_dll\gdd.obj
c:\epics\base-3.15.6\src\ca\legacy\gdd\debug_dll\gddappdefs.obj
c:\epics\base-3.15.6\src\ca\legacy\gdd\debug_dll\gddapptable.obj
c:\epics\base-3.15.6\src\ca\legacy\gdd\debug_dll\gddarray.obj
c:\epics\base-3.15.6\src\ca\legacy\gdd\debug_dll\gddcontainer.obj
c:\epics\base-3.15.6\src\ca\legacy\gdd\debug_dll\gddenumstringtable.obj
c:\epics\base-3.15.6\src\ca\legacy\gdd\debug_dll\gdderrorcodes.obj
c:\epics\base-3.15.6\src\ca\legacy\gdd\debug_dll\gddnewdel.obj
c:\epics\base-3.15.6\src\ca\legacy\gdd\debug_dll\gddtest.obj
c:\epics\base-3.15.6\src\ca\legacy\gdd\debug_dll\gddutils.obj
c:\epics\base-3.15.6\src\ca\legacy\gdd\debug_dll\gdd.ilk
c:\epics\base-3.15.6\src\ca\legacy\gdd\debug_dll\gddvc142.idb
c:\epics\base-3.15.6\src\ca\legacy\gdd\debug_dll\gddvc142.pdb
c:\epics\base-3.15.6\src\ca\legacy\gdd\debug_dll\aitconvert.sbr
c:\epics\base-3.15.6\src\ca\legacy\gdd\debug_dll\aithelpers.sbr
c:\epics\base-3.15.6\src\ca\legacy\gdd\debug_dll\aittypes.sbr
c:\epics\base-3.15.6\src\ca\legacy\gdd\debug_dll\dbmapper.sbr
c:\epics\base-3.15.6\src\ca\legacy\gdd\debug_dll\gdd.sbr
c:\epics\base-3.15.6\src\ca\legacy\gdd\debug_dll\gddappdefs.sbr
c:\epics\base-3.15.6\src\ca\legacy\gdd\debug_dll\gddapptable.sbr
c:\epics\base-3.15.6\src\ca\legacy\gdd\debug_dll\gddarray.sbr
c:\epics\base-3.15.6\src\ca\legacy\gdd\debug_dll\gddcontainer.sbr
c:\epics\base-3.15.6\src\ca\legacy\gdd\debug_dll\gddenumstringtable.sbr
c:\epics\base-3.15.6\src\ca\legacy\gdd\debug_dll\gdderrorcodes.sbr
c:\epics\base-3.15.6\src\ca\legacy\gdd\debug_dll\gddnewdel.sbr
c:\epics\base-3.15.6\src\ca\legacy\gdd\debug_dll\gddtest.sbr
c:\epics\base-3.15.6\src\ca\legacy\gdd\debug_dll\gddutils.sbr
c:\epics\debug_dll\aitgen.pdb
c:\epics\debug_dll\aitgen.exe
c:\epics\debug_dll\aitgen.bsc
c:\epics\base-3.15.6\src\ca\legacy\gdd\debug_dll\aitgen.tlog\aitgen.write.1u.tlog
c:\epics\base-3.15.6\src\ca\legacy\gdd\debug_dll\aitgen.tlog\bscmake.command.1.tlog
c:\epics\base-3.15.6\src\ca\legacy\gdd\debug_dll\aitgen.tlog\cl.command.1.tlog
c:\epics\base-3.15.6\src\ca\legacy\gdd\debug_dll\aitgen.tlog\link.command.1.tlog
