c:\epics\debug_dll\gdd.lib
c:\epics\debug_dll\gdd.exp
c:\epics\base-3.15.6\src\ca\legacy\gdd\debug_dll\aitconvert.obj
c:\epics\base-3.15.6\src\ca\legacy\gdd\debug_dll\aithelpers.obj
c:\epics\base-3.15.6\src\ca\legacy\gdd\debug_dll\aittypes.obj
c:\epics\base-3.15.6\src\ca\legacy\gdd\debug_dll\gdd.obj
c:\epics\base-3.15.6\src\ca\legacy\gdd\debug_dll\gddappdefs.obj
c:\epics\base-3.15.6\src\ca\legacy\gdd\debug_dll\gddapptable.obj
c:\epics\base-3.15.6\src\ca\legacy\gdd\debug_dll\gddcontainer.obj
c:\epics\base-3.15.6\src\ca\legacy\gdd\debug_dll\gddenumstringtable.obj
c:\epics\base-3.15.6\src\ca\legacy\gdd\debug_dll\gddnewdel.obj
c:\epics\base-3.15.6\src\ca\legacy\gdd\debug_dll\gddutils.obj
c:\epics\base-3.15.6\src\ca\legacy\gdd\debug_dll\genapps.obj
c:\epics\base-3.15.6\src\ca\legacy\gdd\debug_dll\genapps.ilk
c:\epics\base-3.15.6\src\ca\legacy\gdd\debug_dll\genappsvc142.idb
c:\epics\base-3.15.6\src\ca\legacy\gdd\debug_dll\genappsvc142.pdb
c:\epics\base-3.15.6\src\ca\legacy\gdd\debug_dll\aitconvert.sbr
c:\epics\base-3.15.6\src\ca\legacy\gdd\debug_dll\aithelpers.sbr
c:\epics\base-3.15.6\src\ca\legacy\gdd\debug_dll\aittypes.sbr
c:\epics\base-3.15.6\src\ca\legacy\gdd\debug_dll\gdd.sbr
c:\epics\base-3.15.6\src\ca\legacy\gdd\debug_dll\gddappdefs.sbr
c:\epics\base-3.15.6\src\ca\legacy\gdd\debug_dll\gddapptable.sbr
c:\epics\base-3.15.6\src\ca\legacy\gdd\debug_dll\gddcontainer.sbr
c:\epics\base-3.15.6\src\ca\legacy\gdd\debug_dll\gddenumstringtable.sbr
c:\epics\base-3.15.6\src\ca\legacy\gdd\debug_dll\gddnewdel.sbr
c:\epics\base-3.15.6\src\ca\legacy\gdd\debug_dll\gddutils.sbr
c:\epics\base-3.15.6\src\ca\legacy\gdd\debug_dll\genapps.sbr
c:\epics\debug_dll\gdd.pdb
c:\epics\debug_dll\gdd.dll
c:\epics\debug_dll\gdd.bsc
c:\epics\base-3.15.6\src\ca\legacy\gdd\debug_dll\gdd.tlog\bscmake.command.1.tlog
c:\epics\base-3.15.6\src\ca\legacy\gdd\debug_dll\gdd.tlog\cl.command.1.tlog
c:\epics\base-3.15.6\src\ca\legacy\gdd\debug_dll\gdd.tlog\gdd.write.1u.tlog
c:\epics\base-3.15.6\src\ca\legacy\gdd\debug_dll\gdd.tlog\link.command.1.tlog
