c:\epics\debug_dll\aerotech.lib
c:\epics\debug_dll\aerotech.exp
c:\epics\motor\motorapp\aerotechsrc\o.common\ensembletrajectoryscan.c
c:\epics\motor\motorapp\aerotechsrc\debug_dll\aerotechregister.obj
c:\epics\motor\motorapp\aerotechsrc\debug_dll\concatstring.obj
c:\epics\motor\motorapp\aerotechsrc\debug_dll\devsoloist.obj
c:\epics\motor\motorapp\aerotechsrc\debug_dll\drva3200asyn.obj
c:\epics\motor\motorapp\aerotechsrc\debug_dll\drvensembleasyn.obj
c:\epics\motor\motorapp\aerotechsrc\debug_dll\drvsoloist.obj
c:\epics\motor\motorapp\aerotechsrc\debug_dll\ensembletrajectoryscan.obj
c:\epics\motor\motorapp\aerotechsrc\debug_dll\aerotech.ilk
c:\epics\motor\motorapp\aerotechsrc\debug_dll\vc142.idb
c:\epics\motor\motorapp\aerotechsrc\debug_dll\vc142.pdb
c:\epics\debug_dll\aerotech.pdb
c:\epics\debug_dll\aerotech.dll
c:\epics\motor\motorapp\aerotechsrc\debug_dll\aerotech.tlog\aerotech.write.1u.tlog
c:\epics\motor\motorapp\aerotechsrc\debug_dll\aerotech.tlog\cl.command.1.tlog
c:\epics\motor\motorapp\aerotechsrc\debug_dll\aerotech.tlog\custombuild.command.1.tlog
c:\epics\motor\motorapp\aerotechsrc\debug_dll\aerotech.tlog\custombuild.read.1.tlog
c:\epics\motor\motorapp\aerotechsrc\debug_dll\aerotech.tlog\custombuild.write.1.tlog
c:\epics\motor\motorapp\aerotechsrc\debug_dll\aerotech.tlog\link.command.1.tlog
