c:\epics\debug_dll\com.lib
c:\epics\debug_dll\com.exp
c:\epics\base-3.15.6\src\libcom\o.common\envdata.c
c:\epics\base-3.15.6\src\libcom\o.common\errsymtbl.c
c:\epics\base-3.15.6\src\libcom\o.common\aslib.c
c:\epics\base-3.15.6\src\libcom\o.common\aslib_lex.c
c:\epics\include\epicsversion.h
c:\epics\base-3.15.6\src\libcom\debug_dll\adjustment.obj
c:\epics\base-3.15.6\src\libcom\debug_dll\alarmstring.obj
c:\epics\base-3.15.6\src\libcom\debug_dll\aslib.obj
c:\epics\base-3.15.6\src\libcom\debug_dll\astrapwrite.obj
c:\epics\base-3.15.6\src\libcom\debug_dll\atoipaddr.obj
c:\epics\base-3.15.6\src\libcom\debug_dll\bucketlib.obj
c:\epics\base-3.15.6\src\libcom\debug_dll\calcperform.obj
c:\epics\base-3.15.6\src\libcom\debug_dll\cantproceed.obj
c:\epics\base-3.15.6\src\libcom\debug_dll\cvtfast.obj
c:\epics\base-3.15.6\src\libcom\debug_dll\dbmf.obj
c:\epics\base-3.15.6\src\libcom\debug_dll\devlibvme.obj
c:\epics\base-3.15.6\src\libcom\debug_dll\devlibvmeosd.obj
c:\epics\base-3.15.6\src\libcom\debug_dll\elllib.obj
c:\epics\base-3.15.6\src\libcom\debug_dll\ellsort.obj
c:\epics\base-3.15.6\src\libcom\debug_dll\envdata.obj
c:\epics\base-3.15.6\src\libcom\debug_dll\envsubr.obj
c:\epics\base-3.15.6\src\libcom\debug_dll\epicsatomicosd.obj
c:\epics\base-3.15.6\src\libcom\debug_dll\epicsconvert.obj
c:\epics\base-3.15.6\src\libcom\debug_dll\epicsevent.obj
c:\epics\base-3.15.6\src\libcom\debug_dll\epicsexit.obj
c:\epics\base-3.15.6\src\libcom\debug_dll\epicsgeneraltime.obj
c:\epics\base-3.15.6\src\libcom\debug_dll\epicsgetopt.obj
c:\epics\base-3.15.6\src\libcom\debug_dll\epicsmath.obj
c:\epics\base-3.15.6\src\libcom\debug_dll\epicsmessagequeue.obj
c:\epics\base-3.15.6\src\libcom\debug_dll\epicsmutex.obj
c:\epics\base-3.15.6\src\libcom\debug_dll\epicsonce.obj
c:\epics\base-3.15.6\src\libcom\debug_dll\epicsreadline.obj
c:\epics\base-3.15.6\src\libcom\debug_dll\epicsringbytes.obj
c:\epics\base-3.15.6\src\libcom\debug_dll\epicsringpointer.obj
c:\epics\base-3.15.6\src\libcom\debug_dll\epicssingletonmutex.obj
c:\epics\base-3.15.6\src\libcom\debug_dll\epicssocketconverterrnotostring.obj
c:\epics\base-3.15.6\src\libcom\debug_dll\epicsstacktrace.obj
c:\epics\base-3.15.6\src\libcom\debug_dll\epicsstdio.obj
c:\epics\base-3.15.6\src\libcom\debug_dll\epicsstdlib.obj
c:\epics\base-3.15.6\src\libcom\debug_dll\epicsstring.obj
c:\epics\base-3.15.6\src\libcom\debug_dll\epicstempfile.obj
c:\epics\base-3.15.6\src\libcom\debug_dll\epicsthread.obj
c:\epics\base-3.15.6\src\libcom\debug_dll\epicstime.obj
c:\epics\base-3.15.6\src\libcom\debug_dll\epicstimer.obj
c:\epics\base-3.15.6\src\libcom\debug_dll\epicsunittest.obj
c:\epics\base-3.15.6\src\libcom\debug_dll\errlog.obj
c:\epics\base-3.15.6\src\libcom\debug_dll\errsymlib.obj
c:\epics\base-3.15.6\src\libcom\debug_dll\errsymtbl.obj
c:\epics\base-3.15.6\src\libcom\debug_dll\fdmanager.obj
c:\epics\base-3.15.6\src\libcom\debug_dll\fdmgr.obj
c:\epics\base-3.15.6\src\libcom\debug_dll\forcebadallocexception.obj
c:\epics\base-3.15.6\src\libcom\debug_dll\freelistlib.obj
c:\epics\base-3.15.6\src\libcom\debug_dll\gphashlib.obj
c:\epics\base-3.15.6\src\libcom\debug_dll\ioclog.obj
c:\epics\base-3.15.6\src\libcom\debug_dll\iocsh.obj
c:\epics\base-3.15.6\src\libcom\debug_dll\ipaddrtoasciiasynchronous.obj
c:\epics\base-3.15.6\src\libcom\debug_dll\libcomregister.obj
c:\epics\base-3.15.6\src\libcom\debug_dll\logclient.obj
c:\epics\base-3.15.6\src\libcom\debug_dll\maccore.obj
c:\epics\base-3.15.6\src\libcom\debug_dll\macenv.obj
c:\epics\base-3.15.6\src\libcom\debug_dll\macutil.obj
c:\epics\base-3.15.6\src\libcom\debug_dll\osdassert.obj
c:\epics\base-3.15.6\src\libcom\debug_dll\osdbacktrace.obj
c:\epics\base-3.15.6\src\libcom\debug_dll\osdenv.obj
c:\epics\base-3.15.6\src\libcom\debug_dll\osdevent.obj
c:\epics\base-3.15.6\src\libcom\debug_dll\osdfindaddr.obj
c:\epics\base-3.15.6\src\libcom\debug_dll\osdfindsymbol.obj
c:\epics\base-3.15.6\src\libcom\debug_dll\osdinterrupt.obj
c:\epics\base-3.15.6\src\libcom\debug_dll\osdmessagequeue.obj
c:\epics\base-3.15.6\src\libcom\debug_dll\osdmutex.obj
c:\epics\base-3.15.6\src\libcom\debug_dll\osdnetintf.obj
c:\epics\base-3.15.6\src\libcom\debug_dll\osdpoolstatus.obj
c:\epics\base-3.15.6\src\libcom\debug_dll\osdprocess.obj
c:\epics\base-3.15.6\src\libcom\debug_dll\osdsignal.obj
c:\epics\base-3.15.6\src\libcom\debug_dll\osdsock.obj
c:\epics\base-3.15.6\src\libcom\debug_dll\osdsockaddrreuse.obj
c:\epics\base-3.15.6\src\libcom\debug_dll\osdspin.obj
c:\epics\base-3.15.6\src\libcom\debug_dll\osdstdio.obj
c:\epics\base-3.15.6\src\libcom\debug_dll\osdthread.obj
c:\epics\base-3.15.6\src\libcom\debug_dll\osdthreadextra.obj
c:\epics\base-3.15.6\src\libcom\debug_dll\osdthreadhooks.obj
c:\epics\base-3.15.6\src\libcom\debug_dll\osdtime.obj
c:\epics\base-3.15.6\src\libcom\debug_dll\osiclocktime.obj
c:\epics\base-3.15.6\src\libcom\debug_dll\osisock.obj
c:\epics\base-3.15.6\src\libcom\debug_dll\pooljob.obj
c:\epics\base-3.15.6\src\libcom\debug_dll\postfix.obj
c:\epics\base-3.15.6\src\libcom\debug_dll\registry.obj
c:\epics\base-3.15.6\src\libcom\debug_dll\resourcelib.obj
c:\epics\base-3.15.6\src\libcom\debug_dll\setthreadname.obj
c:\epics\base-3.15.6\src\libcom\debug_dll\systemcallintmech.obj
c:\epics\base-3.15.6\src\libcom\debug_dll\taskwd.obj
c:\epics\base-3.15.6\src\libcom\debug_dll\threadpool.obj
c:\epics\base-3.15.6\src\libcom\debug_dll\timer.obj
c:\epics\base-3.15.6\src\libcom\debug_dll\timerqueue.obj
c:\epics\base-3.15.6\src\libcom\debug_dll\timerqueueactive.obj
c:\epics\base-3.15.6\src\libcom\debug_dll\timerqueueactivemgr.obj
c:\epics\base-3.15.6\src\libcom\debug_dll\timerqueuepassive.obj
c:\epics\base-3.15.6\src\libcom\debug_dll\truncatefile.obj
c:\epics\base-3.15.6\src\libcom\debug_dll\yajl.obj
c:\epics\base-3.15.6\src\libcom\debug_dll\yajl_alloc.obj
c:\epics\base-3.15.6\src\libcom\debug_dll\yajl_buf.obj
c:\epics\base-3.15.6\src\libcom\debug_dll\yajl_encode.obj
c:\epics\base-3.15.6\src\libcom\debug_dll\yajl_gen.obj
c:\epics\base-3.15.6\src\libcom\debug_dll\yajl_lex.obj
c:\epics\base-3.15.6\src\libcom\debug_dll\yajl_parser.obj
c:\epics\base-3.15.6\src\libcom\debug_dll\com.ilk
c:\epics\base-3.15.6\src\libcom\debug_dll\com.res
c:\epics\base-3.15.6\src\libcom\debug_dll\vc142.idb
c:\epics\base-3.15.6\src\libcom\debug_dll\vc142.pdb
c:\epics\base-3.15.6\src\libcom\debug_dll\adjustment.sbr
c:\epics\base-3.15.6\src\libcom\debug_dll\alarmstring.sbr
c:\epics\base-3.15.6\src\libcom\debug_dll\aslib.sbr
c:\epics\base-3.15.6\src\libcom\debug_dll\astrapwrite.sbr
c:\epics\base-3.15.6\src\libcom\debug_dll\atoipaddr.sbr
c:\epics\base-3.15.6\src\libcom\debug_dll\bucketlib.sbr
c:\epics\base-3.15.6\src\libcom\debug_dll\calcperform.sbr
c:\epics\base-3.15.6\src\libcom\debug_dll\cantproceed.sbr
c:\epics\base-3.15.6\src\libcom\debug_dll\cvtfast.sbr
c:\epics\base-3.15.6\src\libcom\debug_dll\dbmf.sbr
c:\epics\base-3.15.6\src\libcom\debug_dll\devlibvme.sbr
c:\epics\base-3.15.6\src\libcom\debug_dll\devlibvmeosd.sbr
c:\epics\base-3.15.6\src\libcom\debug_dll\elllib.sbr
c:\epics\base-3.15.6\src\libcom\debug_dll\ellsort.sbr
c:\epics\base-3.15.6\src\libcom\debug_dll\envdata.sbr
c:\epics\base-3.15.6\src\libcom\debug_dll\envsubr.sbr
c:\epics\base-3.15.6\src\libcom\debug_dll\epicsatomicosd.sbr
c:\epics\base-3.15.6\src\libcom\debug_dll\epicsconvert.sbr
c:\epics\base-3.15.6\src\libcom\debug_dll\epicsevent.sbr
c:\epics\base-3.15.6\src\libcom\debug_dll\epicsexit.sbr
c:\epics\base-3.15.6\src\libcom\debug_dll\epicsgeneraltime.sbr
c:\epics\base-3.15.6\src\libcom\debug_dll\epicsgetopt.sbr
c:\epics\base-3.15.6\src\libcom\debug_dll\epicsmath.sbr
c:\epics\base-3.15.6\src\libcom\debug_dll\epicsmessagequeue.sbr
c:\epics\base-3.15.6\src\libcom\debug_dll\epicsmutex.sbr
c:\epics\base-3.15.6\src\libcom\debug_dll\epicsonce.sbr
c:\epics\base-3.15.6\src\libcom\debug_dll\epicsreadline.sbr
c:\epics\base-3.15.6\src\libcom\debug_dll\epicsringbytes.sbr
c:\epics\base-3.15.6\src\libcom\debug_dll\epicsringpointer.sbr
c:\epics\base-3.15.6\src\libcom\debug_dll\epicssingletonmutex.sbr
c:\epics\base-3.15.6\src\libcom\debug_dll\epicssocketconverterrnotostring.sbr
c:\epics\base-3.15.6\src\libcom\debug_dll\epicsstacktrace.sbr
c:\epics\base-3.15.6\src\libcom\debug_dll\epicsstdio.sbr
c:\epics\base-3.15.6\src\libcom\debug_dll\epicsstdlib.sbr
c:\epics\base-3.15.6\src\libcom\debug_dll\epicsstring.sbr
c:\epics\base-3.15.6\src\libcom\debug_dll\epicstempfile.sbr
c:\epics\base-3.15.6\src\libcom\debug_dll\epicsthread.sbr
c:\epics\base-3.15.6\src\libcom\debug_dll\epicstime.sbr
c:\epics\base-3.15.6\src\libcom\debug_dll\epicstimer.sbr
c:\epics\base-3.15.6\src\libcom\debug_dll\epicsunittest.sbr
c:\epics\base-3.15.6\src\libcom\debug_dll\errlog.sbr
c:\epics\base-3.15.6\src\libcom\debug_dll\errsymlib.sbr
c:\epics\base-3.15.6\src\libcom\debug_dll\errsymtbl.sbr
c:\epics\base-3.15.6\src\libcom\debug_dll\fdmanager.sbr
c:\epics\base-3.15.6\src\libcom\debug_dll\fdmgr.sbr
c:\epics\base-3.15.6\src\libcom\debug_dll\forcebadallocexception.sbr
c:\epics\base-3.15.6\src\libcom\debug_dll\freelistlib.sbr
c:\epics\base-3.15.6\src\libcom\debug_dll\gphashlib.sbr
c:\epics\base-3.15.6\src\libcom\debug_dll\ioclog.sbr
c:\epics\base-3.15.6\src\libcom\debug_dll\iocsh.sbr
c:\epics\base-3.15.6\src\libcom\debug_dll\ipaddrtoasciiasynchronous.sbr
c:\epics\base-3.15.6\src\libcom\debug_dll\libcomregister.sbr
c:\epics\base-3.15.6\src\libcom\debug_dll\logclient.sbr
c:\epics\base-3.15.6\src\libcom\debug_dll\maccore.sbr
c:\epics\base-3.15.6\src\libcom\debug_dll\macenv.sbr
c:\epics\base-3.15.6\src\libcom\debug_dll\macutil.sbr
c:\epics\base-3.15.6\src\libcom\debug_dll\osdassert.sbr
c:\epics\base-3.15.6\src\libcom\debug_dll\osdbacktrace.sbr
c:\epics\base-3.15.6\src\libcom\debug_dll\osdenv.sbr
c:\epics\base-3.15.6\src\libcom\debug_dll\osdevent.sbr
c:\epics\base-3.15.6\src\libcom\debug_dll\osdfindaddr.sbr
c:\epics\base-3.15.6\src\libcom\debug_dll\osdfindsymbol.sbr
c:\epics\base-3.15.6\src\libcom\debug_dll\osdinterrupt.sbr
c:\epics\base-3.15.6\src\libcom\debug_dll\osdmessagequeue.sbr
c:\epics\base-3.15.6\src\libcom\debug_dll\osdmutex.sbr
c:\epics\base-3.15.6\src\libcom\debug_dll\osdnetintf.sbr
c:\epics\base-3.15.6\src\libcom\debug_dll\osdpoolstatus.sbr
c:\epics\base-3.15.6\src\libcom\debug_dll\osdprocess.sbr
c:\epics\base-3.15.6\src\libcom\debug_dll\osdsignal.sbr
c:\epics\base-3.15.6\src\libcom\debug_dll\osdsock.sbr
c:\epics\base-3.15.6\src\libcom\debug_dll\osdsockaddrreuse.sbr
c:\epics\base-3.15.6\src\libcom\debug_dll\osdspin.sbr
c:\epics\base-3.15.6\src\libcom\debug_dll\osdstdio.sbr
c:\epics\base-3.15.6\src\libcom\debug_dll\osdthread.sbr
c:\epics\base-3.15.6\src\libcom\debug_dll\osdthreadextra.sbr
c:\epics\base-3.15.6\src\libcom\debug_dll\osdthreadhooks.sbr
c:\epics\base-3.15.6\src\libcom\debug_dll\osdtime.sbr
c:\epics\base-3.15.6\src\libcom\debug_dll\osiclocktime.sbr
c:\epics\base-3.15.6\src\libcom\debug_dll\osisock.sbr
c:\epics\base-3.15.6\src\libcom\debug_dll\pooljob.sbr
c:\epics\base-3.15.6\src\libcom\debug_dll\postfix.sbr
c:\epics\base-3.15.6\src\libcom\debug_dll\registry.sbr
c:\epics\base-3.15.6\src\libcom\debug_dll\resourcelib.sbr
c:\epics\base-3.15.6\src\libcom\debug_dll\setthreadname.sbr
c:\epics\base-3.15.6\src\libcom\debug_dll\systemcallintmech.sbr
c:\epics\base-3.15.6\src\libcom\debug_dll\taskwd.sbr
c:\epics\base-3.15.6\src\libcom\debug_dll\threadpool.sbr
c:\epics\base-3.15.6\src\libcom\debug_dll\timer.sbr
c:\epics\base-3.15.6\src\libcom\debug_dll\timerqueue.sbr
c:\epics\base-3.15.6\src\libcom\debug_dll\timerqueueactive.sbr
c:\epics\base-3.15.6\src\libcom\debug_dll\timerqueueactivemgr.sbr
c:\epics\base-3.15.6\src\libcom\debug_dll\timerqueuepassive.sbr
c:\epics\base-3.15.6\src\libcom\debug_dll\truncatefile.sbr
c:\epics\base-3.15.6\src\libcom\debug_dll\yajl.sbr
c:\epics\base-3.15.6\src\libcom\debug_dll\yajl_alloc.sbr
c:\epics\base-3.15.6\src\libcom\debug_dll\yajl_buf.sbr
c:\epics\base-3.15.6\src\libcom\debug_dll\yajl_encode.sbr
c:\epics\base-3.15.6\src\libcom\debug_dll\yajl_gen.sbr
c:\epics\base-3.15.6\src\libcom\debug_dll\yajl_lex.sbr
c:\epics\base-3.15.6\src\libcom\debug_dll\yajl_parser.sbr
c:\epics\debug_dll\com.pdb
c:\epics\debug_dll\com.dll
c:\epics\debug_dll\com.bsc
c:\epics\base-3.15.6\src\libcom\debug_dll\com.tlog\bscmake.command.1.tlog
c:\epics\base-3.15.6\src\libcom\debug_dll\com.tlog\cl.command.1.tlog
c:\epics\base-3.15.6\src\libcom\debug_dll\com.tlog\com.write.1u.tlog
c:\epics\base-3.15.6\src\libcom\debug_dll\com.tlog\custombuild.command.1.tlog
c:\epics\base-3.15.6\src\libcom\debug_dll\com.tlog\custombuild.read.1.tlog
c:\epics\base-3.15.6\src\libcom\debug_dll\com.tlog\custombuild.write.1.tlog
c:\epics\base-3.15.6\src\libcom\debug_dll\com.tlog\link.command.1.tlog
c:\epics\base-3.15.6\src\libcom\debug_dll\com.tlog\rc.command.1.tlog
