C:\Program Files (x86)\Microsoft Visual Studio\2019\Enterprise\MSBuild\Microsoft\VC\v160\Microsoft.CppClean.targets(77,5): warning : Access to the path 'c:\epics\debug_dll\ca.lib' is denied.
C:\Program Files (x86)\Microsoft Visual Studio\2019\Enterprise\MSBuild\Microsoft\VC\v160\Microsoft.CppClean.targets(77,5): warning : Access to the path 'c:\epics\debug_dll\ca.exp' is denied.
C:\Program Files (x86)\Microsoft Visual Studio\2019\Enterprise\MSBuild\Microsoft\VC\v160\Microsoft.CppBuild.targets(513,5): warning MSB8028: The intermediate directory (Debug_DLL\) contains files shared from another project (acctst.vcxproj, caconntest.vcxproj, caEventRate.vcxproj, caRepeater.vcxproj, casw.vcxproj, catime.vcxproj).  This can lead to incorrect clean and rebuild behavior.
  access.cpp
  baseNMIU.cpp
  bhe.cpp
  cac.cpp
  cacChannel.cpp
  cacChannelNotify.cpp
  cacContextNotify.cpp
  cacReadNotify.cpp
  cacStateNotify.cpp
  cacWriteNotify.cpp
  CASG.cpp
  ca_client_context.cpp
  comBuf.cpp
  comQueRecv.cpp
  comQueSend.cpp
  convert.cpp
  disconnectGovernorTimer.cpp
  getCallback.cpp
  getCopy.cpp
  hostNameCache.cpp
  Generating Code...
  Compiling...
  iocinf.cpp
  localHostName.cpp
  msgForMultiplyDefinedPV.cpp
  nciu.cpp
  netiiu.cpp
  netReadNotifyIO.cpp
  netSubscription.cpp
  netWriteNotifyIO.cpp
  noopiiu.cpp
  oldChannelNotify.cpp
  oldSubscription.cpp
  putCallback.cpp
  repeater.cpp
  repeaterSubscribeTimer.cpp
  searchTimer.cpp
  syncGroupNotify.cpp
  syncGroupReadNotify.cpp
  syncGroupWriteNotify.cpp
  syncgrp.cpp
  tcpiiu.cpp
  Generating Code...
  Compiling...
  tcpRecvThread.cpp
  tcpRecvWatchdog.cpp
  tcpSendWatchdog.cpp
  templateInstances.cpp
  test_event.cpp
  udpiiu.cpp
  Generating Code...
     Creating library C:\epics\Debug_DLL\ca.lib and object C:\epics\Debug_DLL\ca.exp
  ca.vcxproj -> C:\epics\Debug_DLL\ca.dll
