c:\epics\base-3.15.6\src\ca\client\debug_dll\acctst.obj
c:\epics\base-3.15.6\src\ca\client\debug_dll\acctstmain.obj
c:\epics\base-3.15.6\src\ca\client\debug_dll\caconntest.obj
c:\epics\base-3.15.6\src\ca\client\debug_dll\caconntestmain.obj
c:\epics\base-3.15.6\src\ca\client\debug_dll\caeventrate.obj
c:\epics\base-3.15.6\src\ca\client\debug_dll\caeventratemain.obj
c:\epics\base-3.15.6\src\ca\client\debug_dll\carepeater.obj
c:\epics\base-3.15.6\src\ca\client\debug_dll\acctst.ilk
c:\epics\base-3.15.6\src\ca\client\debug_dll\caconntest.ilk
c:\epics\base-3.15.6\src\ca\client\debug_dll\caeventrate.ilk
c:\epics\base-3.15.6\src\ca\client\debug_dll\carepeater.ilk
c:\epics\base-3.15.6\src\ca\client\debug_dll\acctstvc142.idb
c:\epics\base-3.15.6\src\ca\client\debug_dll\caconntestvc142.idb
c:\epics\base-3.15.6\src\ca\client\debug_dll\caeventratevc142.idb
c:\epics\base-3.15.6\src\ca\client\debug_dll\carepeatervc142.idb
c:\epics\base-3.15.6\src\ca\client\debug_dll\acctstvc142.pdb
c:\epics\base-3.15.6\src\ca\client\debug_dll\caconntestvc142.pdb
c:\epics\base-3.15.6\src\ca\client\debug_dll\caeventratevc142.pdb
c:\epics\base-3.15.6\src\ca\client\debug_dll\carepeatervc142.pdb
c:\epics\base-3.15.6\src\ca\client\debug_dll\acctst.sbr
c:\epics\base-3.15.6\src\ca\client\debug_dll\acctstmain.sbr
c:\epics\base-3.15.6\src\ca\client\debug_dll\caconntest.sbr
c:\epics\base-3.15.6\src\ca\client\debug_dll\caconntestmain.sbr
c:\epics\base-3.15.6\src\ca\client\debug_dll\caeventrate.sbr
c:\epics\base-3.15.6\src\ca\client\debug_dll\caeventratemain.sbr
c:\epics\base-3.15.6\src\ca\client\debug_dll\carepeater.sbr
c:\epics\debug_dll\catime.pdb
c:\epics\debug_dll\catime.exe
c:\epics\debug_dll\catime.bsc
c:\epics\base-3.15.6\src\ca\client\debug_dll\catime.tlog\bscmake.command.1.tlog
c:\epics\base-3.15.6\src\ca\client\debug_dll\catime.tlog\cl.command.1.tlog
c:\epics\base-3.15.6\src\ca\client\debug_dll\catime.tlog\link.command.1.tlog
